The system is: Darwin - 22.2.0 - arm64
Compiling the C compiler identification source file "CMakeCCompilerId.c" succeeded.
Compiler: /Applications/Xcode.app/Contents/Developer/Toolchains/XcodeDefault.xctoolchain/usr/bin/cc 
Build flags: 
Id flags: -c 

The output was:
0


Compilation of the C compiler identification source "CMakeCCompilerId.c" produced "CMakeCCompilerId.o"

The C compiler identification is AppleClang, found in "/Users/adrian/CLionProjects/succ-vectors/cmake-build-release/CMakeFiles/3.24.2/CompilerIdC/CMakeCCompilerId.o"

Compiling the CXX compiler identification source file "CMakeCXXCompilerId.cpp" succeeded.
Compiler: /Applications/Xcode.app/Contents/Developer/Toolchains/XcodeDefault.xctoolchain/usr/bin/c++ 
Build flags: 
Id flags: -c 

The output was:
0


Compilation of the CXX compiler identification source "CMakeCXXCompilerId.cpp" produced "CMakeCXXCompilerId.o"

The CXX compiler identification is AppleClang, found in "/Users/adrian/CLionProjects/succ-vectors/cmake-build-release/CMakeFiles/3.24.2/CompilerIdCXX/CMakeCXXCompilerId.o"

Detecting C compiler ABI info compiled with the following output:
Change Dir: /Users/adrian/CLionProjects/succ-vectors/cmake-build-release/CMakeFiles/CMakeTmp

Run Build Command(s):/Applications/CLion.app/Contents/bin/ninja/mac/ninja cmTC_1ddcf && [1/2] Building C object CMakeFiles/cmTC_1ddcf.dir/CMakeCCompilerABI.c.o
Apple clang version 14.0.0 (clang-1400.0.29.202)
Target: arm64-apple-darwin22.2.0
Thread model: posix
InstalledDir: /Applications/Xcode.app/Contents/Developer/Toolchains/XcodeDefault.xctoolchain/usr/bin
clang: warning: -Wl,-v: 'linker' input unused [-Wunused-command-line-argument]
 "/Applications/Xcode.app/Contents/Developer/Toolchains/XcodeDefault.xctoolchain/usr/bin/clang" -cc1 -triple arm64-apple-macosx13.0.0 -Wundef-prefix=TARGET_OS_ -Wdeprecated-objc-isa-usage -Werror=deprecated-objc-isa-usage -Werror=implicit-function-declaration -emit-obj -mrelax-all --mrelax-relocations -disable-free -clear-ast-before-backend -disable-llvm-verifier -discard-value-names -main-file-name CMakeCCompilerABI.c -mrelocation-model pic -pic-level 2 -mframe-pointer=non-leaf -fno-strict-return -fno-rounding-math -funwind-tables=2 -fobjc-msgsend-selector-stubs -target-sdk-version=13.1 -fvisibility-inlines-hidden-static-local-var -target-cpu apple-m1 -target-feature +v8.5a -target-feature +fp-armv8 -target-feature +neon -target-feature +crc -target-feature +crypto -target-feature +dotprod -target-feature +fp16fml -target-feature +ras -target-feature +lse -target-feature +rdm -target-feature +rcpc -target-feature +zcm -target-feature +zcz -target-feature +fullfp16 -target-feature +sm4 -target-feature +sha3 -target-feature +sha2 -target-feature +aes -target-abi darwinpcs -fallow-half-arguments-and-returns -debugger-tuning=lldb -target-linker-version 820.1 -v -resource-dir /Applications/Xcode.app/Contents/Developer/Toolchains/XcodeDefault.xctoolchain/usr/lib/clang/14.0.0 -dependency-file CMakeFiles/cmTC_1ddcf.dir/CMakeCCompilerABI.c.o.d -skip-unused-modulemap-deps -MT CMakeFiles/cmTC_1ddcf.dir/CMakeCCompilerABI.c.o -sys-header-deps -isysroot /Applications/Xcode.app/Contents/Developer/Platforms/MacOSX.platform/Developer/SDKs/MacOSX13.1.sdk -internal-isystem /Applications/Xcode.app/Contents/Developer/Platforms/MacOSX.platform/Developer/SDKs/MacOSX13.1.sdk/usr/local/include -internal-isystem /Applications/Xcode.app/Contents/Developer/Toolchains/XcodeDefault.xctoolchain/usr/lib/clang/14.0.0/include -internal-externc-isystem /Applications/Xcode.app/Contents/Developer/Platforms/MacOSX.platform/Developer/SDKs/MacOSX13.1.sdk/usr/include -internal-externc-isystem /Applications/Xcode.app/Contents/Developer/Toolchains/XcodeDefault.xctoolchain/usr/include -Wno-reorder-init-list -Wno-implicit-int-float-conversion -Wno-c99-designator -Wno-final-dtor-non-final-class -Wno-extra-semi-stmt -Wno-misleading-indentation -Wno-quoted-include-in-framework-header -Wno-implicit-fallthrough -Wno-enum-enum-conversion -Wno-enum-float-conversion -Wno-elaborated-enum-base -Wno-reserved-identifier -Wno-gnu-folding-constant -Wno-cast-function-type -Wno-bitwise-instead-of-logical -fdebug-compilation-dir=/Users/adrian/CLionProjects/succ-vectors/cmake-build-release/CMakeFiles/CMakeTmp -ferror-limit 19 -stack-protector 1 -fstack-check -mdarwin-stkchk-strong-link -fblocks -fencode-extended-block-signature -fregister-global-dtors-with-atexit -fgnuc-version=4.2.1 -fmax-type-align=16 -fcommon -fcolor-diagnostics -clang-vendor-feature=+messageToSelfInClassMethodIdReturnType -clang-vendor-feature=+disableInferNewAvailabilityFromInit -clang-vendor-feature=+disableNonDependentMemberExprInCurrentInstantiation -fno-odr-hash-protocols -clang-vendor-feature=+enableAggressiveVLAFolding -clang-vendor-feature=+revert09abecef7bbf -clang-vendor-feature=+thisNoAlignAttr -clang-vendor-feature=+thisNoNullAttr -mllvm -disable-aligned-alloc-awareness=1 -D__GCC_HAVE_DWARF2_CFI_ASM=1 -o CMakeFiles/cmTC_1ddcf.dir/CMakeCCompilerABI.c.o -x c /Applications/CLion.app/Contents/bin/cmake/mac/share/cmake-3.24/Modules/CMakeCCompilerABI.c
clang -cc1 version 14.0.0 (clang-1400.0.29.202) default target arm64-apple-darwin22.2.0
ignoring nonexistent directory "/Applications/Xcode.app/Contents/Developer/Platforms/MacOSX.platform/Developer/SDKs/MacOSX13.1.sdk/usr/local/include"
ignoring nonexistent directory "/Applications/Xcode.app/Contents/Developer/Platforms/MacOSX.platform/Developer/SDKs/MacOSX13.1.sdk/Library/Frameworks"
#include "..." search starts here:
#include <...> search starts here:
 /Applications/Xcode.app/Contents/Developer/Toolchains/XcodeDefault.xctoolchain/usr/lib/clang/14.0.0/include
 /Applications/Xcode.app/Contents/Developer/Platforms/MacOSX.platform/Developer/SDKs/MacOSX13.1.sdk/usr/include
 /Applications/Xcode.app/Contents/Developer/Toolchains/XcodeDefault.xctoolchain/usr/include
 /Applications/Xcode.app/Contents/Developer/Platforms/MacOSX.platform/Developer/SDKs/MacOSX13.1.sdk/System/Library/Frameworks (framework directory)
End of search list.
[2/2] Linking C executable cmTC_1ddcf
Apple clang version 14.0.0 (clang-1400.0.29.202)
Target: arm64-apple-darwin22.2.0
Thread model: posix
InstalledDir: /Applications/Xcode.app/Contents/Developer/Toolchains/XcodeDefault.xctoolchain/usr/bin
 "/Applications/Xcode.app/Contents/Developer/Toolchains/XcodeDefault.xctoolchain/usr/bin/ld" -demangle -lto_library /Applications/Xcode.app/Contents/Developer/Toolchains/XcodeDefault.xctoolchain/usr/lib/libLTO.dylib -dynamic -arch arm64 -platform_version macos 13.0.0 13.1 -syslibroot /Applications/Xcode.app/Contents/Developer/Platforms/MacOSX.platform/Developer/SDKs/MacOSX13.1.sdk -o cmTC_1ddcf -search_paths_first -headerpad_max_install_names -v CMakeFiles/cmTC_1ddcf.dir/CMakeCCompilerABI.c.o -lSystem /Applications/Xcode.app/Contents/Developer/Toolchains/XcodeDefault.xctoolchain/usr/lib/clang/14.0.0/lib/darwin/libclang_rt.osx.a
@(#)PROGRAM:ld  PROJECT:ld64-820.1
BUILD 20:07:05 Nov  7 2022
configured to support archs: armv6 armv7 armv7s arm64 arm64e arm64_32 i386 x86_64 x86_64h armv6m armv7k armv7m armv7em
Library search paths:
	/Applications/Xcode.app/Contents/Developer/Platforms/MacOSX.platform/Developer/SDKs/MacOSX13.1.sdk/usr/lib
Framework search paths:
	/Applications/Xcode.app/Contents/Developer/Platforms/MacOSX.platform/Developer/SDKs/MacOSX13.1.sdk/System/Library/Frameworks/



Parsed C implicit include dir info from above output: rv=done
  found start of include info
  found start of implicit include info
    add: [/Applications/Xcode.app/Contents/Developer/Toolchains/XcodeDefault.xctoolchain/usr/lib/clang/14.0.0/include]
    add: [/Applications/Xcode.app/Contents/Developer/Platforms/MacOSX.platform/Developer/SDKs/MacOSX13.1.sdk/usr/include]
    add: [/Applications/Xcode.app/Contents/Developer/Toolchains/XcodeDefault.xctoolchain/usr/include]
  end of search list found
  collapse include dir [/Applications/Xcode.app/Contents/Developer/Toolchains/XcodeDefault.xctoolchain/usr/lib/clang/14.0.0/include] ==> [/Applications/Xcode.app/Contents/Developer/Toolchains/XcodeDefault.xctoolchain/usr/lib/clang/14.0.0/include]
  collapse include dir [/Applications/Xcode.app/Contents/Developer/Platforms/MacOSX.platform/Developer/SDKs/MacOSX13.1.sdk/usr/include] ==> [/Applications/Xcode.app/Contents/Developer/Platforms/MacOSX.platform/Developer/SDKs/MacOSX13.1.sdk/usr/include]
  collapse include dir [/Applications/Xcode.app/Contents/Developer/Toolchains/XcodeDefault.xctoolchain/usr/include] ==> [/Applications/Xcode.app/Contents/Developer/Toolchains/XcodeDefault.xctoolchain/usr/include]
  implicit include dirs: [/Applications/Xcode.app/Contents/Developer/Toolchains/XcodeDefault.xctoolchain/usr/lib/clang/14.0.0/include;/Applications/Xcode.app/Contents/Developer/Platforms/MacOSX.platform/Developer/SDKs/MacOSX13.1.sdk/usr/include;/Applications/Xcode.app/Contents/Developer/Toolchains/XcodeDefault.xctoolchain/usr/include]


Parsed C implicit link information from above output:
  link line regex: [^( *|.*[/\])(ld|CMAKE_LINK_STARTFILE-NOTFOUND|([^/\]+-)?ld|collect2)[^/\]*( |$)]
  ignore line: [Change Dir: /Users/adrian/CLionProjects/succ-vectors/cmake-build-release/CMakeFiles/CMakeTmp]
  ignore line: []
  ignore line: [Run Build Command(s):/Applications/CLion.app/Contents/bin/ninja/mac/ninja cmTC_1ddcf && [1/2] Building C object CMakeFiles/cmTC_1ddcf.dir/CMakeCCompilerABI.c.o]
  ignore line: [Apple clang version 14.0.0 (clang-1400.0.29.202)]
  ignore line: [Target: arm64-apple-darwin22.2.0]
  ignore line: [Thread model: posix]
  ignore line: [InstalledDir: /Applications/Xcode.app/Contents/Developer/Toolchains/XcodeDefault.xctoolchain/usr/bin]
  ignore line: [clang: warning: -Wl -v: 'linker' input unused [-Wunused-command-line-argument]]
  ignore line: [ "/Applications/Xcode.app/Contents/Developer/Toolchains/XcodeDefault.xctoolchain/usr/bin/clang" -cc1 -triple arm64-apple-macosx13.0.0 -Wundef-prefix=TARGET_OS_ -Wdeprecated-objc-isa-usage -Werror=deprecated-objc-isa-usage -Werror=implicit-function-declaration -emit-obj -mrelax-all --mrelax-relocations -disable-free -clear-ast-before-backend -disable-llvm-verifier -discard-value-names -main-file-name CMakeCCompilerABI.c -mrelocation-model pic -pic-level 2 -mframe-pointer=non-leaf -fno-strict-return -fno-rounding-math -funwind-tables=2 -fobjc-msgsend-selector-stubs -target-sdk-version=13.1 -fvisibility-inlines-hidden-static-local-var -target-cpu apple-m1 -target-feature +v8.5a -target-feature +fp-armv8 -target-feature +neon -target-feature +crc -target-feature +crypto -target-feature +dotprod -target-feature +fp16fml -target-feature +ras -target-feature +lse -target-feature +rdm -target-feature +rcpc -target-feature +zcm -target-feature +zcz -target-feature +fullfp16 -target-feature +sm4 -target-feature +sha3 -target-feature +sha2 -target-feature +aes -target-abi darwinpcs -fallow-half-arguments-and-returns -debugger-tuning=lldb -target-linker-version 820.1 -v -resource-dir /Applications/Xcode.app/Contents/Developer/Toolchains/XcodeDefault.xctoolchain/usr/lib/clang/14.0.0 -dependency-file CMakeFiles/cmTC_1ddcf.dir/CMakeCCompilerABI.c.o.d -skip-unused-modulemap-deps -MT CMakeFiles/cmTC_1ddcf.dir/CMakeCCompilerABI.c.o -sys-header-deps -isysroot /Applications/Xcode.app/Contents/Developer/Platforms/MacOSX.platform/Developer/SDKs/MacOSX13.1.sdk -internal-isystem /Applications/Xcode.app/Contents/Developer/Platforms/MacOSX.platform/Developer/SDKs/MacOSX13.1.sdk/usr/local/include -internal-isystem /Applications/Xcode.app/Contents/Developer/Toolchains/XcodeDefault.xctoolchain/usr/lib/clang/14.0.0/include -internal-externc-isystem /Applications/Xcode.app/Contents/Developer/Platforms/MacOSX.platform/Developer/SDKs/MacOSX13.1.sdk/usr/include -internal-externc-isystem /Applications/Xcode.app/Contents/Developer/Toolchains/XcodeDefault.xctoolchain/usr/include -Wno-reorder-init-list -Wno-implicit-int-float-conversion -Wno-c99-designator -Wno-final-dtor-non-final-class -Wno-extra-semi-stmt -Wno-misleading-indentation -Wno-quoted-include-in-framework-header -Wno-implicit-fallthrough -Wno-enum-enum-conversion -Wno-enum-float-conversion -Wno-elaborated-enum-base -Wno-reserved-identifier -Wno-gnu-folding-constant -Wno-cast-function-type -Wno-bitwise-instead-of-logical -fdebug-compilation-dir=/Users/adrian/CLionProjects/succ-vectors/cmake-build-release/CMakeFiles/CMakeTmp -ferror-limit 19 -stack-protector 1 -fstack-check -mdarwin-stkchk-strong-link -fblocks -fencode-extended-block-signature -fregister-global-dtors-with-atexit -fgnuc-version=4.2.1 -fmax-type-align=16 -fcommon -fcolor-diagnostics -clang-vendor-feature=+messageToSelfInClassMethodIdReturnType -clang-vendor-feature=+disableInferNewAvailabilityFromInit -clang-vendor-feature=+disableNonDependentMemberExprInCurrentInstantiation -fno-odr-hash-protocols -clang-vendor-feature=+enableAggressiveVLAFolding -clang-vendor-feature=+revert09abecef7bbf -clang-vendor-feature=+thisNoAlignAttr -clang-vendor-feature=+thisNoNullAttr -mllvm -disable-aligned-alloc-awareness=1 -D__GCC_HAVE_DWARF2_CFI_ASM=1 -o CMakeFiles/cmTC_1ddcf.dir/CMakeCCompilerABI.c.o -x c /Applications/CLion.app/Contents/bin/cmake/mac/share/cmake-3.24/Modules/CMakeCCompilerABI.c]
  ignore line: [clang -cc1 version 14.0.0 (clang-1400.0.29.202) default target arm64-apple-darwin22.2.0]
  ignore line: [ignoring nonexistent directory "/Applications/Xcode.app/Contents/Developer/Platforms/MacOSX.platform/Developer/SDKs/MacOSX13.1.sdk/usr/local/include"]
  ignore line: [ignoring nonexistent directory "/Applications/Xcode.app/Contents/Developer/Platforms/MacOSX.platform/Developer/SDKs/MacOSX13.1.sdk/Library/Frameworks"]
  ignore line: [#include "..." search starts here:]
  ignore line: [#include <...> search starts here:]
  ignore line: [ /Applications/Xcode.app/Contents/Developer/Toolchains/XcodeDefault.xctoolchain/usr/lib/clang/14.0.0/include]
  ignore line: [ /Applications/Xcode.app/Contents/Developer/Platforms/MacOSX.platform/Developer/SDKs/MacOSX13.1.sdk/usr/include]
  ignore line: [ /Applications/Xcode.app/Contents/Developer/Toolchains/XcodeDefault.xctoolchain/usr/include]
  ignore line: [ /Applications/Xcode.app/Contents/Developer/Platforms/MacOSX.platform/Developer/SDKs/MacOSX13.1.sdk/System/Library/Frameworks (framework directory)]
  ignore line: [End of search list.]
  ignore line: [[2/2] Linking C executable cmTC_1ddcf]
  ignore line: [Apple clang version 14.0.0 (clang-1400.0.29.202)]
  ignore line: [Target: arm64-apple-darwin22.2.0]
  ignore line: [Thread model: posix]
  ignore line: [InstalledDir: /Applications/Xcode.app/Contents/Developer/Toolchains/XcodeDefault.xctoolchain/usr/bin]
  link line: [ "/Applications/Xcode.app/Contents/Developer/Toolchains/XcodeDefault.xctoolchain/usr/bin/ld" -demangle -lto_library /Applications/Xcode.app/Contents/Developer/Toolchains/XcodeDefault.xctoolchain/usr/lib/libLTO.dylib -dynamic -arch arm64 -platform_version macos 13.0.0 13.1 -syslibroot /Applications/Xcode.app/Contents/Developer/Platforms/MacOSX.platform/Developer/SDKs/MacOSX13.1.sdk -o cmTC_1ddcf -search_paths_first -headerpad_max_install_names -v CMakeFiles/cmTC_1ddcf.dir/CMakeCCompilerABI.c.o -lSystem /Applications/Xcode.app/Contents/Developer/Toolchains/XcodeDefault.xctoolchain/usr/lib/clang/14.0.0/lib/darwin/libclang_rt.osx.a]
    arg [/Applications/Xcode.app/Contents/Developer/Toolchains/XcodeDefault.xctoolchain/usr/bin/ld] ==> ignore
    arg [-demangle] ==> ignore
    arg [-lto_library] ==> ignore, skip following value
    arg [/Applications/Xcode.app/Contents/Developer/Toolchains/XcodeDefault.xctoolchain/usr/lib/libLTO.dylib] ==> skip value of -lto_library
    arg [-dynamic] ==> ignore
    arg [-arch] ==> ignore
    arg [arm64] ==> ignore
    arg [-platform_version] ==> ignore
    arg [macos] ==> ignore
    arg [13.0.0] ==> ignore
    arg [13.1] ==> ignore
    arg [-syslibroot] ==> ignore
    arg [/Applications/Xcode.app/Contents/Developer/Platforms/MacOSX.platform/Developer/SDKs/MacOSX13.1.sdk] ==> ignore
    arg [-o] ==> ignore
    arg [cmTC_1ddcf] ==> ignore
    arg [-search_paths_first] ==> ignore
    arg [-headerpad_max_install_names] ==> ignore
    arg [-v] ==> ignore
    arg [CMakeFiles/cmTC_1ddcf.dir/CMakeCCompilerABI.c.o] ==> ignore
    arg [-lSystem] ==> lib [System]
    arg [/Applications/Xcode.app/Contents/Developer/Toolchains/XcodeDefault.xctoolchain/usr/lib/clang/14.0.0/lib/darwin/libclang_rt.osx.a] ==> lib [/Applications/Xcode.app/Contents/Developer/Toolchains/XcodeDefault.xctoolchain/usr/lib/clang/14.0.0/lib/darwin/libclang_rt.osx.a]
  Library search paths: [;/Applications/Xcode.app/Contents/Developer/Platforms/MacOSX.platform/Developer/SDKs/MacOSX13.1.sdk/usr/lib]
  Framework search paths: [;/Applications/Xcode.app/Contents/Developer/Platforms/MacOSX.platform/Developer/SDKs/MacOSX13.1.sdk/System/Library/Frameworks/]
  remove lib [System]
  remove lib [/Applications/Xcode.app/Contents/Developer/Toolchains/XcodeDefault.xctoolchain/usr/lib/clang/14.0.0/lib/darwin/libclang_rt.osx.a]
  collapse library dir [/Applications/Xcode.app/Contents/Developer/Platforms/MacOSX.platform/Developer/SDKs/MacOSX13.1.sdk/usr/lib] ==> [/Applications/Xcode.app/Contents/Developer/Platforms/MacOSX.platform/Developer/SDKs/MacOSX13.1.sdk/usr/lib]
  collapse framework dir [/Applications/Xcode.app/Contents/Developer/Platforms/MacOSX.platform/Developer/SDKs/MacOSX13.1.sdk/System/Library/Frameworks/] ==> [/Applications/Xcode.app/Contents/Developer/Platforms/MacOSX.platform/Developer/SDKs/MacOSX13.1.sdk/System/Library/Frameworks]
  implicit libs: []
  implicit objs: []
  implicit dirs: [/Applications/Xcode.app/Contents/Developer/Platforms/MacOSX.platform/Developer/SDKs/MacOSX13.1.sdk/usr/lib]
  implicit fwks: [/Applications/Xcode.app/Contents/Developer/Platforms/MacOSX.platform/Developer/SDKs/MacOSX13.1.sdk/System/Library/Frameworks]


Detecting CXX compiler ABI info compiled with the following output:
Change Dir: /Users/adrian/CLionProjects/succ-vectors/cmake-build-release/CMakeFiles/CMakeTmp

Run Build Command(s):/Applications/CLion.app/Contents/bin/ninja/mac/ninja cmTC_1b49d && [1/2] Building CXX object CMakeFiles/cmTC_1b49d.dir/CMakeCXXCompilerABI.cpp.o
Apple clang version 14.0.0 (clang-1400.0.29.202)
Target: arm64-apple-darwin22.2.0
Thread model: posix
InstalledDir: /Applications/Xcode.app/Contents/Developer/Toolchains/XcodeDefault.xctoolchain/usr/bin
clang: warning: -Wl,-v: 'linker' input unused [-Wunused-command-line-argument]
 "/Applications/Xcode.app/Contents/Developer/Toolchains/XcodeDefault.xctoolchain/usr/bin/clang" -cc1 -triple arm64-apple-macosx13.0.0 -Wundef-prefix=TARGET_OS_ -Wdeprecated-objc-isa-usage -Werror=deprecated-objc-isa-usage -Werror=implicit-function-declaration -emit-obj -mrelax-all --mrelax-relocations -disable-free -clear-ast-before-backend -disable-llvm-verifier -discard-value-names -main-file-name CMakeCXXCompilerABI.cpp -mrelocation-model pic -pic-level 2 -mframe-pointer=non-leaf -fno-strict-return -fno-rounding-math -funwind-tables=2 -fobjc-msgsend-selector-stubs -target-sdk-version=13.1 -fvisibility-inlines-hidden-static-local-var -target-cpu apple-m1 -target-feature +v8.5a -target-feature +fp-armv8 -target-feature +neon -target-feature +crc -target-feature +crypto -target-feature +dotprod -target-feature +fp16fml -target-feature +ras -target-feature +lse -target-feature +rdm -target-feature +rcpc -target-feature +zcm -target-feature +zcz -target-feature +fullfp16 -target-feature +sm4 -target-feature +sha3 -target-feature +sha2 -target-feature +aes -target-abi darwinpcs -fallow-half-arguments-and-returns -debugger-tuning=lldb -target-linker-version 820.1 -v -resource-dir /Applications/Xcode.app/Contents/Developer/Toolchains/XcodeDefault.xctoolchain/usr/lib/clang/14.0.0 -dependency-file CMakeFiles/cmTC_1b49d.dir/CMakeCXXCompilerABI.cpp.o.d -skip-unused-modulemap-deps -MT CMakeFiles/cmTC_1b49d.dir/CMakeCXXCompilerABI.cpp.o -sys-header-deps -isysroot /Applications/Xcode.app/Contents/Developer/Platforms/MacOSX.platform/Developer/SDKs/MacOSX13.1.sdk -stdlib=libc++ -internal-isystem /Applications/Xcode.app/Contents/Developer/Platforms/MacOSX.platform/Developer/SDKs/MacOSX13.1.sdk/usr/include/c++/v1 -internal-isystem /Applications/Xcode.app/Contents/Developer/Platforms/MacOSX.platform/Developer/SDKs/MacOSX13.1.sdk/usr/local/include -internal-isystem /Applications/Xcode.app/Contents/Developer/Toolchains/XcodeDefault.xctoolchain/usr/lib/clang/14.0.0/include -internal-externc-isystem /Applications/Xcode.app/Contents/Developer/Platforms/MacOSX.platform/Developer/SDKs/MacOSX13.1.sdk/usr/include -internal-externc-isystem /Applications/Xcode.app/Contents/Developer/Toolchains/XcodeDefault.xctoolchain/usr/include -Wno-reorder-init-list -Wno-implicit-int-float-conversion -Wno-c99-designator -Wno-final-dtor-non-final-class -Wno-extra-semi-stmt -Wno-misleading-indentation -Wno-quoted-include-in-framework-header -Wno-implicit-fallthrough -Wno-enum-enum-conversion -Wno-enum-float-conversion -Wno-elaborated-enum-base -Wno-reserved-identifier -Wno-gnu-folding-constant -Wno-cast-function-type -Wno-bitwise-instead-of-logical -fdeprecated-macro -fdebug-compilation-dir=/Users/adrian/CLionProjects/succ-vectors/cmake-build-release/CMakeFiles/CMakeTmp -ferror-limit 19 -stack-protector 1 -fstack-check -mdarwin-stkchk-strong-link -fblocks -fencode-extended-block-signature -fregister-global-dtors-with-atexit -fgnuc-version=4.2.1 -fno-cxx-modules -fcxx-exceptions -fexceptions -fmax-type-align=16 -fcommon -fcolor-diagnostics -clang-vendor-feature=+messageToSelfInClassMethodIdReturnType -clang-vendor-feature=+disableInferNewAvailabilityFromInit -clang-vendor-feature=+disableNonDependentMemberExprInCurrentInstantiation -fno-odr-hash-protocols -clang-vendor-feature=+enableAggressiveVLAFolding -clang-vendor-feature=+revert09abecef7bbf -clang-vendor-feature=+thisNoAlignAttr -clang-vendor-feature=+thisNoNullAttr -mllvm -disable-aligned-alloc-awareness=1 -D__GCC_HAVE_DWARF2_CFI_ASM=1 -o CMakeFiles/cmTC_1b49d.dir/CMakeCXXCompilerABI.cpp.o -x c++ /Applications/CLion.app/Contents/bin/cmake/mac/share/cmake-3.24/Modules/CMakeCXXCompilerABI.cpp
clang -cc1 version 14.0.0 (clang-1400.0.29.202) default target arm64-apple-darwin22.2.0
ignoring nonexistent directory "/Applications/Xcode.app/Contents/Developer/Platforms/MacOSX.platform/Developer/SDKs/MacOSX13.1.sdk/usr/local/include"
ignoring nonexistent directory "/Applications/Xcode.app/Contents/Developer/Platforms/MacOSX.platform/Developer/SDKs/MacOSX13.1.sdk/Library/Frameworks"
#include "..." search starts here:
#include <...> search starts here:
 /Applications/Xcode.app/Contents/Developer/Platforms/MacOSX.platform/Developer/SDKs/MacOSX13.1.sdk/usr/include/c++/v1
 /Applications/Xcode.app/Contents/Developer/Toolchains/XcodeDefault.xctoolchain/usr/lib/clang/14.0.0/include
 /Applications/Xcode.app/Contents/Developer/Platforms/MacOSX.platform/Developer/SDKs/MacOSX13.1.sdk/usr/include
 /Applications/Xcode.app/Contents/Developer/Toolchains/XcodeDefault.xctoolchain/usr/include
 /Applications/Xcode.app/Contents/Developer/Platforms/MacOSX.platform/Developer/SDKs/MacOSX13.1.sdk/System/Library/Frameworks (framework directory)
End of search list.
[2/2] Linking CXX executable cmTC_1b49d
Apple clang version 14.0.0 (clang-1400.0.29.202)
Target: arm64-apple-darwin22.2.0
Thread model: posix
InstalledDir: /Applications/Xcode.app/Contents/Developer/Toolchains/XcodeDefault.xctoolchain/usr/bin
 "/Applications/Xcode.app/Contents/Developer/Toolchains/XcodeDefault.xctoolchain/usr/bin/ld" -demangle -lto_library /Applications/Xcode.app/Contents/Developer/Toolchains/XcodeDefault.xctoolchain/usr/lib/libLTO.dylib -dynamic -arch arm64 -platform_version macos 13.0.0 13.1 -syslibroot /Applications/Xcode.app/Contents/Developer/Platforms/MacOSX.platform/Developer/SDKs/MacOSX13.1.sdk -o cmTC_1b49d -search_paths_first -headerpad_max_install_names -v CMakeFiles/cmTC_1b49d.dir/CMakeCXXCompilerABI.cpp.o -lc++ -lSystem /Applications/Xcode.app/Contents/Developer/Toolchains/XcodeDefault.xctoolchain/usr/lib/clang/14.0.0/lib/darwin/libclang_rt.osx.a
@(#)PROGRAM:ld  PROJECT:ld64-820.1
BUILD 20:07:05 Nov  7 2022
configured to support archs: armv6 armv7 armv7s arm64 arm64e arm64_32 i386 x86_64 x86_64h armv6m armv7k armv7m armv7em
Library search paths:
	/Applications/Xcode.app/Contents/Developer/Platforms/MacOSX.platform/Developer/SDKs/MacOSX13.1.sdk/usr/lib
Framework search paths:
	/Applications/Xcode.app/Contents/Developer/Platforms/MacOSX.platform/Developer/SDKs/MacOSX13.1.sdk/System/Library/Frameworks/



Parsed CXX implicit include dir info from above output: rv=done
  found start of include info
  found start of implicit include info
    add: [/Applications/Xcode.app/Contents/Developer/Platforms/MacOSX.platform/Developer/SDKs/MacOSX13.1.sdk/usr/include/c++/v1]
    add: [/Applications/Xcode.app/Contents/Developer/Toolchains/XcodeDefault.xctoolchain/usr/lib/clang/14.0.0/include]
    add: [/Applications/Xcode.app/Contents/Developer/Platforms/MacOSX.platform/Developer/SDKs/MacOSX13.1.sdk/usr/include]
    add: [/Applications/Xcode.app/Contents/Developer/Toolchains/XcodeDefault.xctoolchain/usr/include]
  end of search list found
  collapse include dir [/Applications/Xcode.app/Contents/Developer/Platforms/MacOSX.platform/Developer/SDKs/MacOSX13.1.sdk/usr/include/c++/v1] ==> [/Applications/Xcode.app/Contents/Developer/Platforms/MacOSX.platform/Developer/SDKs/MacOSX13.1.sdk/usr/include/c++/v1]
  collapse include dir [/Applications/Xcode.app/Contents/Developer/Toolchains/XcodeDefault.xctoolchain/usr/lib/clang/14.0.0/include] ==> [/Applications/Xcode.app/Contents/Developer/Toolchains/XcodeDefault.xctoolchain/usr/lib/clang/14.0.0/include]
  collapse include dir [/Applications/Xcode.app/Contents/Developer/Platforms/MacOSX.platform/Developer/SDKs/MacOSX13.1.sdk/usr/include] ==> [/Applications/Xcode.app/Contents/Developer/Platforms/MacOSX.platform/Developer/SDKs/MacOSX13.1.sdk/usr/include]
  collapse include dir [/Applications/Xcode.app/Contents/Developer/Toolchains/XcodeDefault.xctoolchain/usr/include] ==> [/Applications/Xcode.app/Contents/Developer/Toolchains/XcodeDefault.xctoolchain/usr/include]
  implicit include dirs: [/Applications/Xcode.app/Contents/Developer/Platforms/MacOSX.platform/Developer/SDKs/MacOSX13.1.sdk/usr/include/c++/v1;/Applications/Xcode.app/Contents/Developer/Toolchains/XcodeDefault.xctoolchain/usr/lib/clang/14.0.0/include;/Applications/Xcode.app/Contents/Developer/Platforms/MacOSX.platform/Developer/SDKs/MacOSX13.1.sdk/usr/include;/Applications/Xcode.app/Contents/Developer/Toolchains/XcodeDefault.xctoolchain/usr/include]


Parsed CXX implicit link information from above output:
  link line regex: [^( *|.*[/\])(ld|CMAKE_LINK_STARTFILE-NOTFOUND|([^/\]+-)?ld|collect2)[^/\]*( |$)]
  ignore line: [Change Dir: /Users/adrian/CLionProjects/succ-vectors/cmake-build-release/CMakeFiles/CMakeTmp]
  ignore line: []
  ignore line: [Run Build Command(s):/Applications/CLion.app/Contents/bin/ninja/mac/ninja cmTC_1b49d && [1/2] Building CXX object CMakeFiles/cmTC_1b49d.dir/CMakeCXXCompilerABI.cpp.o]
  ignore line: [Apple clang version 14.0.0 (clang-1400.0.29.202)]
  ignore line: [Target: arm64-apple-darwin22.2.0]
  ignore line: [Thread model: posix]
  ignore line: [InstalledDir: /Applications/Xcode.app/Contents/Developer/Toolchains/XcodeDefault.xctoolchain/usr/bin]
  ignore line: [clang: warning: -Wl -v: 'linker' input unused [-Wunused-command-line-argument]]
  ignore line: [ "/Applications/Xcode.app/Contents/Developer/Toolchains/XcodeDefault.xctoolchain/usr/bin/clang" -cc1 -triple arm64-apple-macosx13.0.0 -Wundef-prefix=TARGET_OS_ -Wdeprecated-objc-isa-usage -Werror=deprecated-objc-isa-usage -Werror=implicit-function-declaration -emit-obj -mrelax-all --mrelax-relocations -disable-free -clear-ast-before-backend -disable-llvm-verifier -discard-value-names -main-file-name CMakeCXXCompilerABI.cpp -mrelocation-model pic -pic-level 2 -mframe-pointer=non-leaf -fno-strict-return -fno-rounding-math -funwind-tables=2 -fobjc-msgsend-selector-stubs -target-sdk-version=13.1 -fvisibility-inlines-hidden-static-local-var -target-cpu apple-m1 -target-feature +v8.5a -target-feature +fp-armv8 -target-feature +neon -target-feature +crc -target-feature +crypto -target-feature +dotprod -target-feature +fp16fml -target-feature +ras -target-feature +lse -target-feature +rdm -target-feature +rcpc -target-feature +zcm -target-feature +zcz -target-feature +fullfp16 -target-feature +sm4 -target-feature +sha3 -target-feature +sha2 -target-feature +aes -target-abi darwinpcs -fallow-half-arguments-and-returns -debugger-tuning=lldb -target-linker-version 820.1 -v -resource-dir /Applications/Xcode.app/Contents/Developer/Toolchains/XcodeDefault.xctoolchain/usr/lib/clang/14.0.0 -dependency-file CMakeFiles/cmTC_1b49d.dir/CMakeCXXCompilerABI.cpp.o.d -skip-unused-modulemap-deps -MT CMakeFiles/cmTC_1b49d.dir/CMakeCXXCompilerABI.cpp.o -sys-header-deps -isysroot /Applications/Xcode.app/Contents/Developer/Platforms/MacOSX.platform/Developer/SDKs/MacOSX13.1.sdk -stdlib=libc++ -internal-isystem /Applications/Xcode.app/Contents/Developer/Platforms/MacOSX.platform/Developer/SDKs/MacOSX13.1.sdk/usr/include/c++/v1 -internal-isystem /Applications/Xcode.app/Contents/Developer/Platforms/MacOSX.platform/Developer/SDKs/MacOSX13.1.sdk/usr/local/include -internal-isystem /Applications/Xcode.app/Contents/Developer/Toolchains/XcodeDefault.xctoolchain/usr/lib/clang/14.0.0/include -internal-externc-isystem /Applications/Xcode.app/Contents/Developer/Platforms/MacOSX.platform/Developer/SDKs/MacOSX13.1.sdk/usr/include -internal-externc-isystem /Applications/Xcode.app/Contents/Developer/Toolchains/XcodeDefault.xctoolchain/usr/include -Wno-reorder-init-list -Wno-implicit-int-float-conversion -Wno-c99-designator -Wno-final-dtor-non-final-class -Wno-extra-semi-stmt -Wno-misleading-indentation -Wno-quoted-include-in-framework-header -Wno-implicit-fallthrough -Wno-enum-enum-conversion -Wno-enum-float-conversion -Wno-elaborated-enum-base -Wno-reserved-identifier -Wno-gnu-folding-constant -Wno-cast-function-type -Wno-bitwise-instead-of-logical -fdeprecated-macro -fdebug-compilation-dir=/Users/adrian/CLionProjects/succ-vectors/cmake-build-release/CMakeFiles/CMakeTmp -ferror-limit 19 -stack-protector 1 -fstack-check -mdarwin-stkchk-strong-link -fblocks -fencode-extended-block-signature -fregister-global-dtors-with-atexit -fgnuc-version=4.2.1 -fno-cxx-modules -fcxx-exceptions -fexceptions -fmax-type-align=16 -fcommon -fcolor-diagnostics -clang-vendor-feature=+messageToSelfInClassMethodIdReturnType -clang-vendor-feature=+disableInferNewAvailabilityFromInit -clang-vendor-feature=+disableNonDependentMemberExprInCurrentInstantiation -fno-odr-hash-protocols -clang-vendor-feature=+enableAggressiveVLAFolding -clang-vendor-feature=+revert09abecef7bbf -clang-vendor-feature=+thisNoAlignAttr -clang-vendor-feature=+thisNoNullAttr -mllvm -disable-aligned-alloc-awareness=1 -D__GCC_HAVE_DWARF2_CFI_ASM=1 -o CMakeFiles/cmTC_1b49d.dir/CMakeCXXCompilerABI.cpp.o -x c++ /Applications/CLion.app/Contents/bin/cmake/mac/share/cmake-3.24/Modules/CMakeCXXCompilerABI.cpp]
  ignore line: [clang -cc1 version 14.0.0 (clang-1400.0.29.202) default target arm64-apple-darwin22.2.0]
  ignore line: [ignoring nonexistent directory "/Applications/Xcode.app/Contents/Developer/Platforms/MacOSX.platform/Developer/SDKs/MacOSX13.1.sdk/usr/local/include"]
  ignore line: [ignoring nonexistent directory "/Applications/Xcode.app/Contents/Developer/Platforms/MacOSX.platform/Developer/SDKs/MacOSX13.1.sdk/Library/Frameworks"]
  ignore line: [#include "..." search starts here:]
  ignore line: [#include <...> search starts here:]
  ignore line: [ /Applications/Xcode.app/Contents/Developer/Platforms/MacOSX.platform/Developer/SDKs/MacOSX13.1.sdk/usr/include/c++/v1]
  ignore line: [ /Applications/Xcode.app/Contents/Developer/Toolchains/XcodeDefault.xctoolchain/usr/lib/clang/14.0.0/include]
  ignore line: [ /Applications/Xcode.app/Contents/Developer/Platforms/MacOSX.platform/Developer/SDKs/MacOSX13.1.sdk/usr/include]
  ignore line: [ /Applications/Xcode.app/Contents/Developer/Toolchains/XcodeDefault.xctoolchain/usr/include]
  ignore line: [ /Applications/Xcode.app/Contents/Developer/Platforms/MacOSX.platform/Developer/SDKs/MacOSX13.1.sdk/System/Library/Frameworks (framework directory)]
  ignore line: [End of search list.]
  ignore line: [[2/2] Linking CXX executable cmTC_1b49d]
  ignore line: [Apple clang version 14.0.0 (clang-1400.0.29.202)]
  ignore line: [Target: arm64-apple-darwin22.2.0]
  ignore line: [Thread model: posix]
  ignore line: [InstalledDir: /Applications/Xcode.app/Contents/Developer/Toolchains/XcodeDefault.xctoolchain/usr/bin]
  link line: [ "/Applications/Xcode.app/Contents/Developer/Toolchains/XcodeDefault.xctoolchain/usr/bin/ld" -demangle -lto_library /Applications/Xcode.app/Contents/Developer/Toolchains/XcodeDefault.xctoolchain/usr/lib/libLTO.dylib -dynamic -arch arm64 -platform_version macos 13.0.0 13.1 -syslibroot /Applications/Xcode.app/Contents/Developer/Platforms/MacOSX.platform/Developer/SDKs/MacOSX13.1.sdk -o cmTC_1b49d -search_paths_first -headerpad_max_install_names -v CMakeFiles/cmTC_1b49d.dir/CMakeCXXCompilerABI.cpp.o -lc++ -lSystem /Applications/Xcode.app/Contents/Developer/Toolchains/XcodeDefault.xctoolchain/usr/lib/clang/14.0.0/lib/darwin/libclang_rt.osx.a]
    arg [/Applications/Xcode.app/Contents/Developer/Toolchains/XcodeDefault.xctoolchain/usr/bin/ld] ==> ignore
    arg [-demangle] ==> ignore
    arg [-lto_library] ==> ignore, skip following value
    arg [/Applications/Xcode.app/Contents/Developer/Toolchains/XcodeDefault.xctoolchain/usr/lib/libLTO.dylib] ==> skip value of -lto_library
    arg [-dynamic] ==> ignore
    arg [-arch] ==> ignore
    arg [arm64] ==> ignore
    arg [-platform_version] ==> ignore
    arg [macos] ==> ignore
    arg [13.0.0] ==> ignore
    arg [13.1] ==> ignore
    arg [-syslibroot] ==> ignore
    arg [/Applications/Xcode.app/Contents/Developer/Platforms/MacOSX.platform/Developer/SDKs/MacOSX13.1.sdk] ==> ignore
    arg [-o] ==> ignore
    arg [cmTC_1b49d] ==> ignore
    arg [-search_paths_first] ==> ignore
    arg [-headerpad_max_install_names] ==> ignore
    arg [-v] ==> ignore
    arg [CMakeFiles/cmTC_1b49d.dir/CMakeCXXCompilerABI.cpp.o] ==> ignore
    arg [-lc++] ==> lib [c++]
    arg [-lSystem] ==> lib [System]
    arg [/Applications/Xcode.app/Contents/Developer/Toolchains/XcodeDefault.xctoolchain/usr/lib/clang/14.0.0/lib/darwin/libclang_rt.osx.a] ==> lib [/Applications/Xcode.app/Contents/Developer/Toolchains/XcodeDefault.xctoolchain/usr/lib/clang/14.0.0/lib/darwin/libclang_rt.osx.a]
  Library search paths: [;/Applications/Xcode.app/Contents/Developer/Platforms/MacOSX.platform/Developer/SDKs/MacOSX13.1.sdk/usr/lib]
  Framework search paths: [;/Applications/Xcode.app/Contents/Developer/Platforms/MacOSX.platform/Developer/SDKs/MacOSX13.1.sdk/System/Library/Frameworks/]
  remove lib [System]
  remove lib [/Applications/Xcode.app/Contents/Developer/Toolchains/XcodeDefault.xctoolchain/usr/lib/clang/14.0.0/lib/darwin/libclang_rt.osx.a]
  collapse library dir [/Applications/Xcode.app/Contents/Developer/Platforms/MacOSX.platform/Developer/SDKs/MacOSX13.1.sdk/usr/lib] ==> [/Applications/Xcode.app/Contents/Developer/Platforms/MacOSX.platform/Developer/SDKs/MacOSX13.1.sdk/usr/lib]
  collapse framework dir [/Applications/Xcode.app/Contents/Developer/Platforms/MacOSX.platform/Developer/SDKs/MacOSX13.1.sdk/System/Library/Frameworks/] ==> [/Applications/Xcode.app/Contents/Developer/Platforms/MacOSX.platform/Developer/SDKs/MacOSX13.1.sdk/System/Library/Frameworks]
  implicit libs: [c++]
  implicit objs: []
  implicit dirs: [/Applications/Xcode.app/Contents/Developer/Platforms/MacOSX.platform/Developer/SDKs/MacOSX13.1.sdk/usr/lib]
  implicit fwks: [/Applications/Xcode.app/Contents/Developer/Platforms/MacOSX.platform/Developer/SDKs/MacOSX13.1.sdk/System/Library/Frameworks]


Performing C++ SOURCE FILE Test HAVE_CLANG_STD=C__11 succeeded with the following output:
Change Dir: /Users/adrian/CLionProjects/succ-vectors/cmake-build-release/CMakeFiles/CMakeTmp

Run Build Command(s):/Applications/CLion.app/Contents/bin/ninja/mac/ninja cmTC_d0cc0 && [1/2] Building CXX object CMakeFiles/cmTC_d0cc0.dir/src.cxx.o
[2/2] Linking CXX executable cmTC_d0cc0


Source file was:
int main() { return 0; }
Performing C++ SOURCE FILE Test HAVE_CLANG_STDLIB=LIBC__ succeeded with the following output:
Change Dir: /Users/adrian/CLionProjects/succ-vectors/cmake-build-release/CMakeFiles/CMakeTmp

Run Build Command(s):/Applications/CLion.app/Contents/bin/ninja/mac/ninja cmTC_e6f92 && [1/2] Building CXX object CMakeFiles/cmTC_e6f92.dir/src.cxx.o
[2/2] Linking CXX executable cmTC_e6f92


Source file was:
int main() { return 0; }
Performing C++ SOURCE FILE Test HAVE_CLANG_MSSE4.2__O3___FFAST_MATH__FUNROLL_LOOPS__DNDEBUG succeeded with the following output:
Change Dir: /Users/adrian/CLionProjects/succ-vectors/cmake-build-release/CMakeFiles/CMakeTmp

Run Build Command(s):/Applications/CLion.app/Contents/bin/ninja/mac/ninja cmTC_c9b41 && [1/2] Building CXX object CMakeFiles/cmTC_c9b41.dir/src.cxx.o
clang: warning: argument unused during compilation: '-msse4.2' [-Wunused-command-line-argument]
In file included from <built-in>:436:
<command line>:2:25: warning: ISO C99 requires whitespace after the macro name [-Wc99-extensions]
#define HAVE_CLANG_MSSE4.2__O3___FFAST_MATH__FUNROLL_LOOPS__DNDEBUG 1
                        ^
1 warning generated.
[2/2] Linking CXX executable cmTC_c9b41


Source file was:
int main() { return 0; }
Performing C++ SOURCE FILE Test HAVE_CLANG_STD=C__11__DNDEBUG succeeded with the following output:
Change Dir: /Users/adrian/CLionProjects/succ-vectors/cmake-build-release/CMakeFiles/CMakeTmp

Run Build Command(s):/Applications/CLion.app/Contents/bin/ninja/mac/ninja cmTC_fe344 && [1/2] Building CXX object CMakeFiles/cmTC_fe344.dir/src.cxx.o
[2/2] Linking CXX executable cmTC_fe344


Source file was:
int main() { return 0; }
Performing C++ SOURCE FILE Test HAVE_CLANG_O3__FFAST_MATH__FUNROLL_LOOPS__D__EXTERN_ALWAYS_INLINE="EXTERN___ALWAYS_INLINE"_ succeeded with the following output:
Change Dir: /Users/adrian/CLionProjects/succ-vectors/cmake-build-release/CMakeFiles/CMakeTmp

Run Build Command(s):/Applications/CLion.app/Contents/bin/ninja/mac/ninja cmTC_8ac49 && [1/2] Building CXX object CMakeFiles/cmTC_8ac49.dir/src.cxx.o
[2/2] Linking CXX executable cmTC_8ac49


Source file was:
int main() { return 0; }
Performing C SOURCE FILE Test HAVE_UNKNOWN_WALL succeeded with the following output:
Change Dir: /Users/adrian/CLionProjects/succ-vectors/cmake-build-release/CMakeFiles/CMakeTmp

Run Build Command(s):/Applications/CLion.app/Contents/bin/ninja/mac/ninja cmTC_0fc64 && [1/2] Building C object CMakeFiles/cmTC_0fc64.dir/src.c.o
[2/2] Linking C executable cmTC_0fc64


Source file was:
int main() { return 0; }
Performing C SOURCE FILE Test HAVE_UNKNOWN_FOMIT_FRAME_POINTER succeeded with the following output:
Change Dir: /Users/adrian/CLionProjects/succ-vectors/cmake-build-release/CMakeFiles/CMakeTmp

Run Build Command(s):/Applications/CLion.app/Contents/bin/ninja/mac/ninja cmTC_6ae60 && [1/2] Building C object CMakeFiles/cmTC_6ae60.dir/src.c.o
[2/2] Linking C executable cmTC_6ae60


Source file was:
int main() { return 0; }
Determining if the include file inttypes.h exists passed with the following output:
Change Dir: /Users/adrian/CLionProjects/succ-vectors/cmake-build-release/CMakeFiles/CMakeTmp

Run Build Command(s):/Applications/CLion.app/Contents/bin/ninja/mac/ninja cmTC_d7043 && [1/2] Building C object CMakeFiles/cmTC_d7043.dir/CheckIncludeFile.c.o
[2/2] Linking C executable cmTC_d7043



Determining if the include file memory.h exists passed with the following output:
Change Dir: /Users/adrian/CLionProjects/succ-vectors/cmake-build-release/CMakeFiles/CMakeTmp

Run Build Command(s):/Applications/CLion.app/Contents/bin/ninja/mac/ninja cmTC_e590e && [1/2] Building C object CMakeFiles/cmTC_e590e.dir/CheckIncludeFile.c.o
[2/2] Linking C executable cmTC_e590e



Determining if the include file stddef.h exists passed with the following output:
Change Dir: /Users/adrian/CLionProjects/succ-vectors/cmake-build-release/CMakeFiles/CMakeTmp

Run Build Command(s):/Applications/CLion.app/Contents/bin/ninja/mac/ninja cmTC_35a82 && [1/2] Building C object CMakeFiles/cmTC_35a82.dir/CheckIncludeFile.c.o
[2/2] Linking C executable cmTC_35a82



Determining if the include file stdint.h exists passed with the following output:
Change Dir: /Users/adrian/CLionProjects/succ-vectors/cmake-build-release/CMakeFiles/CMakeTmp

Run Build Command(s):/Applications/CLion.app/Contents/bin/ninja/mac/ninja cmTC_24aec && [1/2] Building C object CMakeFiles/cmTC_24aec.dir/CheckIncludeFile.c.o
[2/2] Linking C executable cmTC_24aec



Determining if the include file stdlib.h exists passed with the following output:
Change Dir: /Users/adrian/CLionProjects/succ-vectors/cmake-build-release/CMakeFiles/CMakeTmp

Run Build Command(s):/Applications/CLion.app/Contents/bin/ninja/mac/ninja cmTC_d2fde && [1/2] Building C object CMakeFiles/cmTC_d2fde.dir/CheckIncludeFile.c.o
[2/2] Linking C executable cmTC_d2fde



Determining if the include file string.h exists passed with the following output:
Change Dir: /Users/adrian/CLionProjects/succ-vectors/cmake-build-release/CMakeFiles/CMakeTmp

Run Build Command(s):/Applications/CLion.app/Contents/bin/ninja/mac/ninja cmTC_ce887 && [1/2] Building C object CMakeFiles/cmTC_ce887.dir/CheckIncludeFile.c.o
[2/2] Linking C executable cmTC_ce887



Determining if the include file strings.h exists passed with the following output:
Change Dir: /Users/adrian/CLionProjects/succ-vectors/cmake-build-release/CMakeFiles/CMakeTmp

Run Build Command(s):/Applications/CLion.app/Contents/bin/ninja/mac/ninja cmTC_e873e && [1/2] Building C object CMakeFiles/cmTC_e873e.dir/CheckIncludeFile.c.o
[2/2] Linking C executable cmTC_e873e



Determining if the include file sys/types.h exists passed with the following output:
Change Dir: /Users/adrian/CLionProjects/succ-vectors/cmake-build-release/CMakeFiles/CMakeTmp

Run Build Command(s):/Applications/CLion.app/Contents/bin/ninja/mac/ninja cmTC_e4de6 && [1/2] Building C object CMakeFiles/cmTC_e4de6.dir/CheckIncludeFile.c.o
[2/2] Linking C executable cmTC_e4de6



Performing C SOURCE FILE Test HAVE_INLINE succeeded with the following output:
Change Dir: /Users/adrian/CLionProjects/succ-vectors/cmake-build-release/CMakeFiles/CMakeTmp

Run Build Command(s):/Applications/CLion.app/Contents/bin/ninja/mac/ninja cmTC_08fb1 && [1/2] Building C object CMakeFiles/cmTC_08fb1.dir/src.c.o
[2/2] Linking C executable cmTC_08fb1


Source file was:
inline void func(); void func() { } int main() { func(); return 0; }
Performing C SOURCE FILE Test HAVE___INLINE succeeded with the following output:
Change Dir: /Users/adrian/CLionProjects/succ-vectors/cmake-build-release/CMakeFiles/CMakeTmp

Run Build Command(s):/Applications/CLion.app/Contents/bin/ninja/mac/ninja cmTC_e923b && [1/2] Building C object CMakeFiles/cmTC_e923b.dir/src.c.o
[2/2] Linking C executable cmTC_e923b


Source file was:
__inline void func(); void func() { } int main() { func(); return 0; }
Performing C SOURCE FILE Test HAVE___INLINE__ succeeded with the following output:
Change Dir: /Users/adrian/CLionProjects/succ-vectors/cmake-build-release/CMakeFiles/CMakeTmp

Run Build Command(s):/Applications/CLion.app/Contents/bin/ninja/mac/ninja cmTC_33c19 && [1/2] Building C object CMakeFiles/cmTC_33c19.dir/src.c.o
[2/2] Linking C executable cmTC_33c19


Source file was:
__inline__ void func(); void func() { } int main() { func(); return 0; }
Determining size of uint8_t passed with the following output:
Change Dir: /Users/adrian/CLionProjects/succ-vectors/cmake-build-release/CMakeFiles/CMakeTmp

Run Build Command(s):/Applications/CLion.app/Contents/bin/ninja/mac/ninja cmTC_aca38 && [1/2] Building C object CMakeFiles/cmTC_aca38.dir/UINT8_T.c.o
[2/2] Linking C executable cmTC_aca38



Determining size of int32_t passed with the following output:
Change Dir: /Users/adrian/CLionProjects/succ-vectors/cmake-build-release/CMakeFiles/CMakeTmp

Run Build Command(s):/Applications/CLion.app/Contents/bin/ninja/mac/ninja cmTC_838b9 && [1/2] Building C object CMakeFiles/cmTC_838b9.dir/INT32_T.c.o
[2/2] Linking C executable cmTC_838b9



Determining if the PRId32 exist passed with the following output:
Change Dir: /Users/adrian/CLionProjects/succ-vectors/cmake-build-release/CMakeFiles/CMakeTmp

Run Build Command(s):/Applications/CLion.app/Contents/bin/ninja/mac/ninja cmTC_88eb0 && [1/2] Building C object CMakeFiles/cmTC_88eb0.dir/CheckSymbolExists.c.o
[2/2] Linking C executable cmTC_88eb0


File /Users/adrian/CLionProjects/succ-vectors/cmake-build-release/CMakeFiles/CMakeTmp/CheckSymbolExists.c:
/* */
#include <inttypes.h>

int main(int argc, char** argv)
{
  (void)argv;
#ifndef PRId32
  return ((int*)(&PRId32))[argc];
#else
  (void)argc;
  return 0;
#endif
}
Determining size of int64_t passed with the following output:
Change Dir: /Users/adrian/CLionProjects/succ-vectors/cmake-build-release/CMakeFiles/CMakeTmp

Run Build Command(s):/Applications/CLion.app/Contents/bin/ninja/mac/ninja cmTC_e4f79 && [1/2] Building C object CMakeFiles/cmTC_e4f79.dir/INT64_T.c.o
[2/2] Linking C executable cmTC_e4f79



Determining if the PRId64 exist passed with the following output:
Change Dir: /Users/adrian/CLionProjects/succ-vectors/cmake-build-release/CMakeFiles/CMakeTmp

Run Build Command(s):/Applications/CLion.app/Contents/bin/ninja/mac/ninja cmTC_a0b87 && [1/2] Building C object CMakeFiles/cmTC_a0b87.dir/CheckSymbolExists.c.o
[2/2] Linking C executable cmTC_a0b87


File /Users/adrian/CLionProjects/succ-vectors/cmake-build-release/CMakeFiles/CMakeTmp/CheckSymbolExists.c:
/* */
#include <inttypes.h>

int main(int argc, char** argv)
{
  (void)argv;
#ifndef PRId64
  return ((int*)(&PRId64))[argc];
#else
  (void)argc;
  return 0;
#endif
}
Performing C SOURCE FILE Test CMAKE_HAVE_LIBC_PTHREAD succeeded with the following output:
Change Dir: /Users/adrian/CLionProjects/succ-vectors/cmake-build-release/CMakeFiles/CMakeTmp

Run Build Command(s):/Applications/CLion.app/Contents/bin/ninja/mac/ninja cmTC_0fb81 && [1/2] Building C object CMakeFiles/cmTC_0fb81.dir/src.c.o
[2/2] Linking C executable cmTC_0fb81


Source file was:
#include <pthread.h>

static void* test_func(void* data)
{
  return data;
}

int main(void)
{
  pthread_t thread;
  pthread_create(&thread, NULL, test_func, NULL);
  pthread_detach(thread);
  pthread_cancel(thread);
  pthread_join(thread, NULL);
  pthread_atfork(NULL, NULL, NULL);
  pthread_exit(NULL);

  return 0;
}

Determining if the include file cstdio exists passed with the following output:
Change Dir: /Users/adrian/CLionProjects/succ-vectors/cmake-build-release/CMakeFiles/CMakeTmp

Run Build Command(s):/Applications/CLion.app/Contents/bin/ninja/mac/ninja cmTC_068f0 && [1/2] Building CXX object CMakeFiles/cmTC_068f0.dir/CheckIncludeFile.cxx.o
[2/2] Linking CXX executable cmTC_068f0



Performing C++ SOURCE FILE Test HAVE_CLANG_STD=C__11 succeeded with the following output:
Change Dir: /Users/adrian/CLionProjects/succ-vectors/cmake-build-release/CMakeFiles/CMakeTmp

Run Build Command(s):/Applications/CLion.app/Contents/bin/ninja/mac/ninja cmTC_1f333 && [1/2] Building CXX object CMakeFiles/cmTC_1f333.dir/src.cxx.o
[2/2] Linking CXX executable cmTC_1f333


Source file was:
int main() { return 0; }
Performing C++ SOURCE FILE Test HAVE_CLANG_STDLIB=LIBC__ succeeded with the following output:
Change Dir: /Users/adrian/CLionProjects/succ-vectors/cmake-build-release/CMakeFiles/CMakeTmp

Run Build Command(s):/Applications/CLion.app/Contents/bin/ninja/mac/ninja cmTC_8cd2d && [1/2] Building CXX object CMakeFiles/cmTC_8cd2d.dir/src.cxx.o
[2/2] Linking CXX executable cmTC_8cd2d


Source file was:
int main() { return 0; }
Performing C++ SOURCE FILE Test HAVE_CLANG_STD=C__11 succeeded with the following output:
Change Dir: /Users/adrian/CLionProjects/succ-vectors/cmake-build-release/CMakeFiles/CMakeTmp

Run Build Command(s):/Applications/CLion.app/Contents/bin/ninja/mac/ninja cmTC_8d1a7 && [1/2] Building CXX object CMakeFiles/cmTC_8d1a7.dir/src.cxx.o
[2/2] Linking CXX executable cmTC_8d1a7


Source file was:
int main() { return 0; }
Performing C++ SOURCE FILE Test HAVE_CLANG_STDLIB=LIBC__ succeeded with the following output:
Change Dir: /Users/adrian/CLionProjects/succ-vectors/cmake-build-release/CMakeFiles/CMakeTmp

Run Build Command(s):/Applications/CLion.app/Contents/bin/ninja/mac/ninja cmTC_f28ad && [1/2] Building CXX object CMakeFiles/cmTC_f28ad.dir/src.cxx.o
[2/2] Linking CXX executable cmTC_f28ad


Source file was:
int main() { return 0; }
Performing C++ SOURCE FILE Test HAVE_CLANG_STD=C__11__DNDEBUG succeeded with the following output:
Change Dir: /Users/adrian/CLionProjects/succ-vectors/cmake-build-release/CMakeFiles/CMakeTmp

Run Build Command(s):/Applications/CLion.app/Contents/bin/ninja/mac/ninja cmTC_05887 && [1/2] Building CXX object CMakeFiles/cmTC_05887.dir/src.cxx.o
[2/2] Linking CXX executable cmTC_05887


Source file was:
int main() { return 0; }
Performing C++ SOURCE FILE Test HAVE_CLANG_O3__FFAST_MATH__FUNROLL_LOOPS__D__EXTERN_ALWAYS_INLINE="EXTERN___ALWAYS_INLINE"_ succeeded with the following output:
Change Dir: /Users/adrian/CLionProjects/succ-vectors/cmake-build-release/CMakeFiles/CMakeTmp

Run Build Command(s):/Applications/CLion.app/Contents/bin/ninja/mac/ninja cmTC_62a06 && [1/2] Building CXX object CMakeFiles/cmTC_62a06.dir/src.cxx.o
[2/2] Linking CXX executable cmTC_62a06


Source file was:
int main() { return 0; }
Performing C++ SOURCE FILE Test HAVE_CLANG_STD=C__11 succeeded with the following output:
Change Dir: /Users/adrian/CLionProjects/succ-vectors/cmake-build-release/CMakeFiles/CMakeTmp

Run Build Command(s):/Applications/CLion.app/Contents/bin/ninja/mac/ninja cmTC_102e0 && [1/2] Building CXX object CMakeFiles/cmTC_102e0.dir/src.cxx.o
[2/2] Linking CXX executable cmTC_102e0


Source file was:
int main() { return 0; }
Performing C++ SOURCE FILE Test HAVE_CLANG_STDLIB=LIBC__ succeeded with the following output:
Change Dir: /Users/adrian/CLionProjects/succ-vectors/cmake-build-release/CMakeFiles/CMakeTmp

Run Build Command(s):/Applications/CLion.app/Contents/bin/ninja/mac/ninja cmTC_fe8a4 && [1/2] Building CXX object CMakeFiles/cmTC_fe8a4.dir/src.cxx.o
[2/2] Linking CXX executable cmTC_fe8a4


Source file was:
int main() { return 0; }
Performing C++ SOURCE FILE Test HAVE_CLANG_STD=C__11__DNDEBUG succeeded with the following output:
Change Dir: /Users/adrian/CLionProjects/succ-vectors/cmake-build-release/CMakeFiles/CMakeTmp

Run Build Command(s):/Applications/CLion.app/Contents/bin/ninja/mac/ninja cmTC_95da7 && [1/2] Building CXX object CMakeFiles/cmTC_95da7.dir/src.cxx.o
[2/2] Linking CXX executable cmTC_95da7


Source file was:
int main() { return 0; }
Performing C++ SOURCE FILE Test HAVE_CLANG_O3__FFAST_MATH__FUNROLL_LOOPS__D__EXTERN_ALWAYS_INLINE="EXTERN___ALWAYS_INLINE"_ succeeded with the following output:
Change Dir: /Users/adrian/CLionProjects/succ-vectors/cmake-build-release/CMakeFiles/CMakeTmp

Run Build Command(s):/Applications/CLion.app/Contents/bin/ninja/mac/ninja cmTC_1085a && [1/2] Building CXX object CMakeFiles/cmTC_1085a.dir/src.cxx.o
[2/2] Linking CXX executable cmTC_1085a


Source file was:
int main() { return 0; }
Performing C++ SOURCE FILE Test HAVE_CLANG_STD=C__11 succeeded with the following output:
Change Dir: /Users/adrian/CLionProjects/succ-vectors/cmake-build-release/CMakeFiles/CMakeTmp

Run Build Command(s):/Applications/CLion.app/Contents/bin/ninja/mac/ninja cmTC_7f215 && [1/2] Building CXX object CMakeFiles/cmTC_7f215.dir/src.cxx.o
[2/2] Linking CXX executable cmTC_7f215


Source file was:
int main() { return 0; }
Performing C++ SOURCE FILE Test HAVE_CLANG_STDLIB=LIBC__ succeeded with the following output:
Change Dir: /Users/adrian/CLionProjects/succ-vectors/cmake-build-release/CMakeFiles/CMakeTmp

Run Build Command(s):/Applications/CLion.app/Contents/bin/ninja/mac/ninja cmTC_41841 && [1/2] Building CXX object CMakeFiles/cmTC_41841.dir/src.cxx.o
[2/2] Linking CXX executable cmTC_41841


Source file was:
int main() { return 0; }
Performing C++ SOURCE FILE Test HAVE_CLANG_STD=C__11__DNDEBUG succeeded with the following output:
Change Dir: /Users/adrian/CLionProjects/succ-vectors/cmake-build-release/CMakeFiles/CMakeTmp

Run Build Command(s):/Applications/CLion.app/Contents/bin/ninja/mac/ninja cmTC_6f3a3 && [1/2] Building CXX object CMakeFiles/cmTC_6f3a3.dir/src.cxx.o
[2/2] Linking CXX executable cmTC_6f3a3


Source file was:
int main() { return 0; }
Performing C++ SOURCE FILE Test HAVE_CLANG_O3__FFAST_MATH__FUNROLL_LOOPS__D__EXTERN_ALWAYS_INLINE="EXTERN___ALWAYS_INLINE"_ succeeded with the following output:
Change Dir: /Users/adrian/CLionProjects/succ-vectors/cmake-build-release/CMakeFiles/CMakeTmp

Run Build Command(s):/Applications/CLion.app/Contents/bin/ninja/mac/ninja cmTC_81d22 && [1/2] Building CXX object CMakeFiles/cmTC_81d22.dir/src.cxx.o
[2/2] Linking CXX executable cmTC_81d22


Source file was:
int main() { return 0; }
Performing C++ SOURCE FILE Test HAVE_CLANG_STD=C__11 succeeded with the following output:
Change Dir: /Users/adrian/CLionProjects/succ-vectors/cmake-build-release/CMakeFiles/CMakeTmp

Run Build Command(s):/Applications/CLion.app/Contents/bin/ninja/mac/ninja cmTC_838e3 && [1/2] Building CXX object CMakeFiles/cmTC_838e3.dir/src.cxx.o
[2/2] Linking CXX executable cmTC_838e3


Source file was:
int main() { return 0; }
Performing C++ SOURCE FILE Test HAVE_CLANG_STDLIB=LIBC__ succeeded with the following output:
Change Dir: /Users/adrian/CLionProjects/succ-vectors/cmake-build-release/CMakeFiles/CMakeTmp

Run Build Command(s):/Applications/CLion.app/Contents/bin/ninja/mac/ninja cmTC_e271f && [1/2] Building CXX object CMakeFiles/cmTC_e271f.dir/src.cxx.o
[2/2] Linking CXX executable cmTC_e271f


Source file was:
int main() { return 0; }
Performing C++ SOURCE FILE Test HAVE_CLANG_STD=C__11__DNDEBUG succeeded with the following output:
Change Dir: /Users/adrian/CLionProjects/succ-vectors/cmake-build-release/CMakeFiles/CMakeTmp

Run Build Command(s):/Applications/CLion.app/Contents/bin/ninja/mac/ninja cmTC_c3da9 && [1/2] Building CXX object CMakeFiles/cmTC_c3da9.dir/src.cxx.o
[2/2] Linking CXX executable cmTC_c3da9


Source file was:
int main() { return 0; }
Performing C++ SOURCE FILE Test HAVE_CLANG_O3__FFAST_MATH__FUNROLL_LOOPS__D__EXTERN_ALWAYS_INLINE="EXTERN___ALWAYS_INLINE"_ succeeded with the following output:
Change Dir: /Users/adrian/CLionProjects/succ-vectors/cmake-build-release/CMakeFiles/CMakeTmp

Run Build Command(s):/Applications/CLion.app/Contents/bin/ninja/mac/ninja cmTC_86f6a && [1/2] Building CXX object CMakeFiles/cmTC_86f6a.dir/src.cxx.o
[2/2] Linking CXX executable cmTC_86f6a


Source file was:
int main() { return 0; }
Performing C++ SOURCE FILE Test HAVE_CLANG_STD=C__11 succeeded with the following output:
Change Dir: /Users/adrian/CLionProjects/succ-vectors/cmake-build-release/CMakeFiles/CMakeTmp

Run Build Command(s):/Applications/CLion.app/Contents/bin/ninja/mac/ninja cmTC_08661 && [1/2] Building CXX object CMakeFiles/cmTC_08661.dir/src.cxx.o
[2/2] Linking CXX executable cmTC_08661


Source file was:
int main() { return 0; }
Performing C++ SOURCE FILE Test HAVE_CLANG_STDLIB=LIBC__ succeeded with the following output:
Change Dir: /Users/adrian/CLionProjects/succ-vectors/cmake-build-release/CMakeFiles/CMakeTmp

Run Build Command(s):/Applications/CLion.app/Contents/bin/ninja/mac/ninja cmTC_6043b && [1/2] Building CXX object CMakeFiles/cmTC_6043b.dir/src.cxx.o
[2/2] Linking CXX executable cmTC_6043b


Source file was:
int main() { return 0; }
Performing C++ SOURCE FILE Test HAVE_CLANG_STD=C__11__DNDEBUG succeeded with the following output:
Change Dir: /Users/adrian/CLionProjects/succ-vectors/cmake-build-release/CMakeFiles/CMakeTmp

Run Build Command(s):/Applications/CLion.app/Contents/bin/ninja/mac/ninja cmTC_40ca3 && [1/2] Building CXX object CMakeFiles/cmTC_40ca3.dir/src.cxx.o
[2/2] Linking CXX executable cmTC_40ca3


Source file was:
int main() { return 0; }
Performing C++ SOURCE FILE Test HAVE_CLANG_O3__FFAST_MATH__FUNROLL_LOOPS__D__EXTERN_ALWAYS_INLINE="EXTERN___ALWAYS_INLINE"_ succeeded with the following output:
Change Dir: /Users/adrian/CLionProjects/succ-vectors/cmake-build-release/CMakeFiles/CMakeTmp

Run Build Command(s):/Applications/CLion.app/Contents/bin/ninja/mac/ninja cmTC_89287 && [1/2] Building CXX object CMakeFiles/cmTC_89287.dir/src.cxx.o
[2/2] Linking CXX executable cmTC_89287


Source file was:
int main() { return 0; }
Performing C++ SOURCE FILE Test HAVE_CLANG_STD=C__11 succeeded with the following output:
Change Dir: /Users/adrian/CLionProjects/succ-vectors/cmake-build-release/CMakeFiles/CMakeTmp

Run Build Command(s):/Applications/CLion.app/Contents/bin/ninja/mac/ninja cmTC_16681 && [1/2] Building CXX object CMakeFiles/cmTC_16681.dir/src.cxx.o
[2/2] Linking CXX executable cmTC_16681


Source file was:
int main() { return 0; }
Performing C++ SOURCE FILE Test HAVE_CLANG_STDLIB=LIBC__ succeeded with the following output:
Change Dir: /Users/adrian/CLionProjects/succ-vectors/cmake-build-release/CMakeFiles/CMakeTmp

Run Build Command(s):/Applications/CLion.app/Contents/bin/ninja/mac/ninja cmTC_9c3dc && [1/2] Building CXX object CMakeFiles/cmTC_9c3dc.dir/src.cxx.o
[2/2] Linking CXX executable cmTC_9c3dc


Source file was:
int main() { return 0; }
Performing C++ SOURCE FILE Test HAVE_CLANG_STD=C__11__DNDEBUG succeeded with the following output:
Change Dir: /Users/adrian/CLionProjects/succ-vectors/cmake-build-release/CMakeFiles/CMakeTmp

Run Build Command(s):/Applications/CLion.app/Contents/bin/ninja/mac/ninja cmTC_53259 && [1/2] Building CXX object CMakeFiles/cmTC_53259.dir/src.cxx.o
[2/2] Linking CXX executable cmTC_53259


Source file was:
int main() { return 0; }
Performing C++ SOURCE FILE Test HAVE_CLANG_O3__FFAST_MATH__FUNROLL_LOOPS__D__EXTERN_ALWAYS_INLINE="EXTERN___ALWAYS_INLINE"_ succeeded with the following output:
Change Dir: /Users/adrian/CLionProjects/succ-vectors/cmake-build-release/CMakeFiles/CMakeTmp

Run Build Command(s):/Applications/CLion.app/Contents/bin/ninja/mac/ninja cmTC_ebf60 && [1/2] Building CXX object CMakeFiles/cmTC_ebf60.dir/src.cxx.o
[2/2] Linking CXX executable cmTC_ebf60


Source file was:
int main() { return 0; }
Performing C++ SOURCE FILE Test HAVE_CLANG_STD=C__11 succeeded with the following output:
Change Dir: /Users/adrian/CLionProjects/succ-vectors/cmake-build-release/CMakeFiles/CMakeTmp

Run Build Command(s):/Applications/CLion.app/Contents/bin/ninja/mac/ninja cmTC_db0a5 && [1/2] Building CXX object CMakeFiles/cmTC_db0a5.dir/src.cxx.o
[2/2] Linking CXX executable cmTC_db0a5


Source file was:
int main() { return 0; }
Performing C++ SOURCE FILE Test HAVE_CLANG_STDLIB=LIBC__ succeeded with the following output:
Change Dir: /Users/adrian/CLionProjects/succ-vectors/cmake-build-release/CMakeFiles/CMakeTmp

Run Build Command(s):/Applications/CLion.app/Contents/bin/ninja/mac/ninja cmTC_4c990 && [1/2] Building CXX object CMakeFiles/cmTC_4c990.dir/src.cxx.o
[2/2] Linking CXX executable cmTC_4c990


Source file was:
int main() { return 0; }
Performing C++ SOURCE FILE Test HAVE_CLANG_STD=C__11__DNDEBUG succeeded with the following output:
Change Dir: /Users/adrian/CLionProjects/succ-vectors/cmake-build-release/CMakeFiles/CMakeTmp

Run Build Command(s):/Applications/CLion.app/Contents/bin/ninja/mac/ninja cmTC_7b382 && [1/2] Building CXX object CMakeFiles/cmTC_7b382.dir/src.cxx.o
[2/2] Linking CXX executable cmTC_7b382


Source file was:
int main() { return 0; }
Performing C++ SOURCE FILE Test HAVE_CLANG_O3__FFAST_MATH__FUNROLL_LOOPS__D__EXTERN_ALWAYS_INLINE="EXTERN___ALWAYS_INLINE"_ succeeded with the following output:
Change Dir: /Users/adrian/CLionProjects/succ-vectors/cmake-build-release/CMakeFiles/CMakeTmp

Run Build Command(s):/Applications/CLion.app/Contents/bin/ninja/mac/ninja cmTC_8b60d && [1/2] Building CXX object CMakeFiles/cmTC_8b60d.dir/src.cxx.o
[2/2] Linking CXX executable cmTC_8b60d


Source file was:
int main() { return 0; }
Performing C++ SOURCE FILE Test HAVE_CLANG_STD=C__11 succeeded with the following output:
Change Dir: /Users/adrian/CLionProjects/succ-vectors/cmake-build-release/CMakeFiles/CMakeTmp

Run Build Command(s):/Applications/CLion.app/Contents/bin/ninja/mac/ninja cmTC_650be && [1/2] Building CXX object CMakeFiles/cmTC_650be.dir/src.cxx.o
[2/2] Linking CXX executable cmTC_650be


Source file was:
int main() { return 0; }
Performing C++ SOURCE FILE Test HAVE_CLANG_STDLIB=LIBC__ succeeded with the following output:
Change Dir: /Users/adrian/CLionProjects/succ-vectors/cmake-build-release/CMakeFiles/CMakeTmp

Run Build Command(s):/Applications/CLion.app/Contents/bin/ninja/mac/ninja cmTC_24a16 && [1/2] Building CXX object CMakeFiles/cmTC_24a16.dir/src.cxx.o
[2/2] Linking CXX executable cmTC_24a16


Source file was:
int main() { return 0; }
Performing C++ SOURCE FILE Test HAVE_CLANG_STD=C__11__DNDEBUG succeeded with the following output:
Change Dir: /Users/adrian/CLionProjects/succ-vectors/cmake-build-release/CMakeFiles/CMakeTmp

Run Build Command(s):/Applications/CLion.app/Contents/bin/ninja/mac/ninja cmTC_a9cf4 && [1/2] Building CXX object CMakeFiles/cmTC_a9cf4.dir/src.cxx.o
[2/2] Linking CXX executable cmTC_a9cf4


Source file was:
int main() { return 0; }
Performing C++ SOURCE FILE Test HAVE_CLANG_O3__FFAST_MATH__FUNROLL_LOOPS__D__EXTERN_ALWAYS_INLINE="EXTERN___ALWAYS_INLINE"_ succeeded with the following output:
Change Dir: /Users/adrian/CLionProjects/succ-vectors/cmake-build-release/CMakeFiles/CMakeTmp

Run Build Command(s):/Applications/CLion.app/Contents/bin/ninja/mac/ninja cmTC_f843c && [1/2] Building CXX object CMakeFiles/cmTC_f843c.dir/src.cxx.o
[2/2] Linking CXX executable cmTC_f843c


Source file was:
int main() { return 0; }
Performing C++ SOURCE FILE Test HAVE_CLANG_STD=C__11 succeeded with the following output:
Change Dir: /Users/adrian/CLionProjects/succ-vectors/cmake-build-release/CMakeFiles/CMakeTmp

Run Build Command(s):/Applications/CLion.app/Contents/bin/ninja/mac/ninja cmTC_1789f && [1/2] Building CXX object CMakeFiles/cmTC_1789f.dir/src.cxx.o
[2/2] Linking CXX executable cmTC_1789f


Source file was:
int main() { return 0; }
Performing C++ SOURCE FILE Test HAVE_CLANG_STDLIB=LIBC__ succeeded with the following output:
Change Dir: /Users/adrian/CLionProjects/succ-vectors/cmake-build-release/CMakeFiles/CMakeTmp

Run Build Command(s):/Applications/CLion.app/Contents/bin/ninja/mac/ninja cmTC_c3a9e && [1/2] Building CXX object CMakeFiles/cmTC_c3a9e.dir/src.cxx.o
[2/2] Linking CXX executable cmTC_c3a9e


Source file was:
int main() { return 0; }
Performing C++ SOURCE FILE Test HAVE_CLANG_STD=C__11__DNDEBUG succeeded with the following output:
Change Dir: /Users/adrian/CLionProjects/succ-vectors/cmake-build-release/CMakeFiles/CMakeTmp

Run Build Command(s):/Applications/CLion.app/Contents/bin/ninja/mac/ninja cmTC_dc9ef && [1/2] Building CXX object CMakeFiles/cmTC_dc9ef.dir/src.cxx.o
[2/2] Linking CXX executable cmTC_dc9ef


Source file was:
int main() { return 0; }
Performing C++ SOURCE FILE Test HAVE_CLANG_O3__FFAST_MATH__FUNROLL_LOOPS__D__EXTERN_ALWAYS_INLINE="EXTERN___ALWAYS_INLINE"_ succeeded with the following output:
Change Dir: /Users/adrian/CLionProjects/succ-vectors/cmake-build-release/CMakeFiles/CMakeTmp

Run Build Command(s):/Applications/CLion.app/Contents/bin/ninja/mac/ninja cmTC_79405 && [1/2] Building CXX object CMakeFiles/cmTC_79405.dir/src.cxx.o
[2/2] Linking CXX executable cmTC_79405


Source file was:
int main() { return 0; }
Performing C++ SOURCE FILE Test HAVE_CLANG_STD=C__11 succeeded with the following output:
Change Dir: /Users/adrian/CLionProjects/succ-vectors/cmake-build-release/CMakeFiles/CMakeTmp

Run Build Command(s):/Applications/CLion.app/Contents/bin/ninja/mac/ninja cmTC_0404a && [1/2] Building CXX object CMakeFiles/cmTC_0404a.dir/src.cxx.o
[2/2] Linking CXX executable cmTC_0404a


Source file was:
int main() { return 0; }
Performing C++ SOURCE FILE Test HAVE_CLANG_STDLIB=LIBC__ succeeded with the following output:
Change Dir: /Users/adrian/CLionProjects/succ-vectors/cmake-build-release/CMakeFiles/CMakeTmp

Run Build Command(s):/Applications/CLion.app/Contents/bin/ninja/mac/ninja cmTC_db693 && [1/2] Building CXX object CMakeFiles/cmTC_db693.dir/src.cxx.o
[2/2] Linking CXX executable cmTC_db693


Source file was:
int main() { return 0; }
Performing C++ SOURCE FILE Test HAVE_CLANG_STD=C__11__DNDEBUG succeeded with the following output:
Change Dir: /Users/adrian/CLionProjects/succ-vectors/cmake-build-release/CMakeFiles/CMakeTmp

Run Build Command(s):/Applications/CLion.app/Contents/bin/ninja/mac/ninja cmTC_09fe1 && [1/2] Building CXX object CMakeFiles/cmTC_09fe1.dir/src.cxx.o
[2/2] Linking CXX executable cmTC_09fe1


Source file was:
int main() { return 0; }
Performing C++ SOURCE FILE Test HAVE_CLANG_O3__FFAST_MATH__FUNROLL_LOOPS__D__EXTERN_ALWAYS_INLINE="EXTERN___ALWAYS_INLINE"_ succeeded with the following output:
Change Dir: /Users/adrian/CLionProjects/succ-vectors/cmake-build-release/CMakeFiles/CMakeTmp

Run Build Command(s):/Applications/CLion.app/Contents/bin/ninja/mac/ninja cmTC_2947f && [1/2] Building CXX object CMakeFiles/cmTC_2947f.dir/src.cxx.o
[2/2] Linking CXX executable cmTC_2947f


Source file was:
int main() { return 0; }
Performing C++ SOURCE FILE Test HAVE_CLANG_STD=C__11 succeeded with the following output:
Change Dir: /Users/adrian/CLionProjects/succ-vectors/cmake-build-release/CMakeFiles/CMakeTmp

Run Build Command(s):/Applications/CLion.app/Contents/bin/ninja/mac/ninja cmTC_6da26 && [1/2] Building CXX object CMakeFiles/cmTC_6da26.dir/src.cxx.o
[2/2] Linking CXX executable cmTC_6da26


Source file was:
int main() { return 0; }
Performing C++ SOURCE FILE Test HAVE_CLANG_STDLIB=LIBC__ succeeded with the following output:
Change Dir: /Users/adrian/CLionProjects/succ-vectors/cmake-build-release/CMakeFiles/CMakeTmp

Run Build Command(s):/Applications/CLion.app/Contents/bin/ninja/mac/ninja cmTC_23036 && [1/2] Building CXX object CMakeFiles/cmTC_23036.dir/src.cxx.o
[2/2] Linking CXX executable cmTC_23036


Source file was:
int main() { return 0; }
Performing C++ SOURCE FILE Test HAVE_CLANG_STD=C__11__DNDEBUG succeeded with the following output:
Change Dir: /Users/adrian/CLionProjects/succ-vectors/cmake-build-release/CMakeFiles/CMakeTmp

Run Build Command(s):/Applications/CLion.app/Contents/bin/ninja/mac/ninja cmTC_b0ebe && [1/2] Building CXX object CMakeFiles/cmTC_b0ebe.dir/src.cxx.o
[2/2] Linking CXX executable cmTC_b0ebe


Source file was:
int main() { return 0; }
Performing C++ SOURCE FILE Test HAVE_CLANG_O3__FFAST_MATH__FUNROLL_LOOPS__D__EXTERN_ALWAYS_INLINE="EXTERN___ALWAYS_INLINE"_ succeeded with the following output:
Change Dir: /Users/adrian/CLionProjects/succ-vectors/cmake-build-release/CMakeFiles/CMakeTmp

Run Build Command(s):/Applications/CLion.app/Contents/bin/ninja/mac/ninja cmTC_d388a && [1/2] Building CXX object CMakeFiles/cmTC_d388a.dir/src.cxx.o
[2/2] Linking CXX executable cmTC_d388a


Source file was:
int main() { return 0; }
Performing C++ SOURCE FILE Test HAVE_CLANG_STD=C__11 succeeded with the following output:
Change Dir: /Users/adrian/CLionProjects/succ-vectors/cmake-build-release/CMakeFiles/CMakeTmp

Run Build Command(s):/Applications/CLion.app/Contents/bin/ninja/mac/ninja cmTC_22f9c && [1/2] Building CXX object CMakeFiles/cmTC_22f9c.dir/src.cxx.o
[2/2] Linking CXX executable cmTC_22f9c


Source file was:
int main() { return 0; }
Performing C++ SOURCE FILE Test HAVE_CLANG_STDLIB=LIBC__ succeeded with the following output:
Change Dir: /Users/adrian/CLionProjects/succ-vectors/cmake-build-release/CMakeFiles/CMakeTmp

Run Build Command(s):/Applications/CLion.app/Contents/bin/ninja/mac/ninja cmTC_68c01 && [1/2] Building CXX object CMakeFiles/cmTC_68c01.dir/src.cxx.o
[2/2] Linking CXX executable cmTC_68c01


Source file was:
int main() { return 0; }
Performing C++ SOURCE FILE Test HAVE_CLANG_STD=C__11__DNDEBUG succeeded with the following output:
Change Dir: /Users/adrian/CLionProjects/succ-vectors/cmake-build-release/CMakeFiles/CMakeTmp

Run Build Command(s):/Applications/CLion.app/Contents/bin/ninja/mac/ninja cmTC_65820 && [1/2] Building CXX object CMakeFiles/cmTC_65820.dir/src.cxx.o
[2/2] Linking CXX executable cmTC_65820


Source file was:
int main() { return 0; }
Performing C++ SOURCE FILE Test HAVE_CLANG_O3__FFAST_MATH__FUNROLL_LOOPS__D__EXTERN_ALWAYS_INLINE="EXTERN___ALWAYS_INLINE"_ succeeded with the following output:
Change Dir: /Users/adrian/CLionProjects/succ-vectors/cmake-build-release/CMakeFiles/CMakeTmp

Run Build Command(s):/Applications/CLion.app/Contents/bin/ninja/mac/ninja cmTC_2ad96 && [1/2] Building CXX object CMakeFiles/cmTC_2ad96.dir/src.cxx.o
[2/2] Linking CXX executable cmTC_2ad96


Source file was:
int main() { return 0; }
