The system is: Darwin - 22.2.0 - arm64
Compiling the C compiler identification source file "CMakeCCompilerId.c" succeeded.
Compiler: /Applications/Xcode.app/Contents/Developer/Toolchains/XcodeDefault.xctoolchain/usr/bin/cc 
Build flags: 
Id flags: -c 

The output was:
0


Compilation of the C compiler identification source "CMakeCCompilerId.c" produced "CMakeCCompilerId.o"

The C compiler identification is AppleClang, found in "/Users/adrian/CLionProjects/succ-vectors/cmake-build-release-event-trace/CMakeFiles/3.24.2/CompilerIdC/CMakeCCompilerId.o"

Compiling the CXX compiler identification source file "CMakeCXXCompilerId.cpp" succeeded.
Compiler: /Applications/Xcode.app/Contents/Developer/Toolchains/XcodeDefault.xctoolchain/usr/bin/c++ 
Build flags: 
Id flags: -c 

The output was:
0


Compilation of the CXX compiler identification source "CMakeCXXCompilerId.cpp" produced "CMakeCXXCompilerId.o"

The CXX compiler identification is AppleClang, found in "/Users/adrian/CLionProjects/succ-vectors/cmake-build-release-event-trace/CMakeFiles/3.24.2/CompilerIdCXX/CMakeCXXCompilerId.o"

Detecting C compiler ABI info compiled with the following output:
Change Dir: /Users/adrian/CLionProjects/succ-vectors/cmake-build-release-event-trace/CMakeFiles/CMakeTmp

Run Build Command(s):/Applications/CLion.app/Contents/bin/ninja/mac/ninja cmTC_428b6 && [1/2] Building C object CMakeFiles/cmTC_428b6.dir/CMakeCCompilerABI.c.o
Apple clang version 14.0.0 (clang-1400.0.29.202)
Target: arm64-apple-darwin22.2.0
Thread model: posix
InstalledDir: /Applications/Xcode.app/Contents/Developer/Toolchains/XcodeDefault.xctoolchain/usr/bin
clang: warning: -Wl,-v: 'linker' input unused [-Wunused-command-line-argument]
 "/Applications/Xcode.app/Contents/Developer/Toolchains/XcodeDefault.xctoolchain/usr/bin/clang" -cc1 -triple arm64-apple-macosx13.0.0 -Wundef-prefix=TARGET_OS_ -Wdeprecated-objc-isa-usage -Werror=deprecated-objc-isa-usage -Werror=implicit-function-declaration -emit-obj -mrelax-all --mrelax-relocations -disable-free -clear-ast-before-backend -disable-llvm-verifier -discard-value-names -main-file-name CMakeCCompilerABI.c -mrelocation-model pic -pic-level 2 -mframe-pointer=non-leaf -fno-strict-return -fno-rounding-math -funwind-tables=2 -fobjc-msgsend-selector-stubs -target-sdk-version=13.1 -fvisibility-inlines-hidden-static-local-var -target-cpu apple-m1 -target-feature +v8.5a -target-feature +fp-armv8 -target-feature +neon -target-feature +crc -target-feature +crypto -target-feature +dotprod -target-feature +fp16fml -target-feature +ras -target-feature +lse -target-feature +rdm -target-feature +rcpc -target-feature +zcm -target-feature +zcz -target-feature +fullfp16 -target-feature +sm4 -target-feature +sha3 -target-feature +sha2 -target-feature +aes -target-abi darwinpcs -fallow-half-arguments-and-returns -debugger-tuning=lldb -target-linker-version 820.1 -v -resource-dir /Applications/Xcode.app/Contents/Developer/Toolchains/XcodeDefault.xctoolchain/usr/lib/clang/14.0.0 -dependency-file CMakeFiles/cmTC_428b6.dir/CMakeCCompilerABI.c.o.d -skip-unused-modulemap-deps -MT CMakeFiles/cmTC_428b6.dir/CMakeCCompilerABI.c.o -sys-header-deps -isysroot /Applications/Xcode.app/Contents/Developer/Platforms/MacOSX.platform/Developer/SDKs/MacOSX13.1.sdk -internal-isystem /Applications/Xcode.app/Contents/Developer/Platforms/MacOSX.platform/Developer/SDKs/MacOSX13.1.sdk/usr/local/include -internal-isystem /Applications/Xcode.app/Contents/Developer/Toolchains/XcodeDefault.xctoolchain/usr/lib/clang/14.0.0/include -internal-externc-isystem /Applications/Xcode.app/Contents/Developer/Platforms/MacOSX.platform/Developer/SDKs/MacOSX13.1.sdk/usr/include -internal-externc-isystem /Applications/Xcode.app/Contents/Developer/Toolchains/XcodeDefault.xctoolchain/usr/include -Wno-reorder-init-list -Wno-implicit-int-float-conversion -Wno-c99-designator -Wno-final-dtor-non-final-class -Wno-extra-semi-stmt -Wno-misleading-indentation -Wno-quoted-include-in-framework-header -Wno-implicit-fallthrough -Wno-enum-enum-conversion -Wno-enum-float-conversion -Wno-elaborated-enum-base -Wno-reserved-identifier -Wno-gnu-folding-constant -Wno-cast-function-type -Wno-bitwise-instead-of-logical -fdebug-compilation-dir=/Users/adrian/CLionProjects/succ-vectors/cmake-build-release-event-trace/CMakeFiles/CMakeTmp -ferror-limit 19 -stack-protector 1 -fstack-check -mdarwin-stkchk-strong-link -fblocks -fencode-extended-block-signature -fregister-global-dtors-with-atexit -fgnuc-version=4.2.1 -fmax-type-align=16 -fcommon -fcolor-diagnostics -clang-vendor-feature=+messageToSelfInClassMethodIdReturnType -clang-vendor-feature=+disableInferNewAvailabilityFromInit -clang-vendor-feature=+disableNonDependentMemberExprInCurrentInstantiation -fno-odr-hash-protocols -clang-vendor-feature=+enableAggressiveVLAFolding -clang-vendor-feature=+revert09abecef7bbf -clang-vendor-feature=+thisNoAlignAttr -clang-vendor-feature=+thisNoNullAttr -mllvm -disable-aligned-alloc-awareness=1 -D__GCC_HAVE_DWARF2_CFI_ASM=1 -o CMakeFiles/cmTC_428b6.dir/CMakeCCompilerABI.c.o -x c /Applications/CLion.app/Contents/bin/cmake/mac/share/cmake-3.24/Modules/CMakeCCompilerABI.c
clang -cc1 version 14.0.0 (clang-1400.0.29.202) default target arm64-apple-darwin22.2.0
ignoring nonexistent directory "/Applications/Xcode.app/Contents/Developer/Platforms/MacOSX.platform/Developer/SDKs/MacOSX13.1.sdk/usr/local/include"
ignoring nonexistent directory "/Applications/Xcode.app/Contents/Developer/Platforms/MacOSX.platform/Developer/SDKs/MacOSX13.1.sdk/Library/Frameworks"
#include "..." search starts here:
#include <...> search starts here:
 /Applications/Xcode.app/Contents/Developer/Toolchains/XcodeDefault.xctoolchain/usr/lib/clang/14.0.0/include
 /Applications/Xcode.app/Contents/Developer/Platforms/MacOSX.platform/Developer/SDKs/MacOSX13.1.sdk/usr/include
 /Applications/Xcode.app/Contents/Developer/Toolchains/XcodeDefault.xctoolchain/usr/include
 /Applications/Xcode.app/Contents/Developer/Platforms/MacOSX.platform/Developer/SDKs/MacOSX13.1.sdk/System/Library/Frameworks (framework directory)
End of search list.
[2/2] Linking C executable cmTC_428b6
Apple clang version 14.0.0 (clang-1400.0.29.202)
Target: arm64-apple-darwin22.2.0
Thread model: posix
InstalledDir: /Applications/Xcode.app/Contents/Developer/Toolchains/XcodeDefault.xctoolchain/usr/bin
 "/Applications/Xcode.app/Contents/Developer/Toolchains/XcodeDefault.xctoolchain/usr/bin/ld" -demangle -lto_library /Applications/Xcode.app/Contents/Developer/Toolchains/XcodeDefault.xctoolchain/usr/lib/libLTO.dylib -dynamic -arch arm64 -platform_version macos 13.0.0 13.1 -syslibroot /Applications/Xcode.app/Contents/Developer/Platforms/MacOSX.platform/Developer/SDKs/MacOSX13.1.sdk -o cmTC_428b6 -search_paths_first -headerpad_max_install_names -v CMakeFiles/cmTC_428b6.dir/CMakeCCompilerABI.c.o -lSystem /Applications/Xcode.app/Contents/Developer/Toolchains/XcodeDefault.xctoolchain/usr/lib/clang/14.0.0/lib/darwin/libclang_rt.osx.a
@(#)PROGRAM:ld  PROJECT:ld64-820.1
BUILD 20:07:05 Nov  7 2022
configured to support archs: armv6 armv7 armv7s arm64 arm64e arm64_32 i386 x86_64 x86_64h armv6m armv7k armv7m armv7em
Library search paths:
	/Applications/Xcode.app/Contents/Developer/Platforms/MacOSX.platform/Developer/SDKs/MacOSX13.1.sdk/usr/lib
Framework search paths:
	/Applications/Xcode.app/Contents/Developer/Platforms/MacOSX.platform/Developer/SDKs/MacOSX13.1.sdk/System/Library/Frameworks/



Parsed C implicit include dir info from above output: rv=done
  found start of include info
  found start of implicit include info
    add: [/Applications/Xcode.app/Contents/Developer/Toolchains/XcodeDefault.xctoolchain/usr/lib/clang/14.0.0/include]
    add: [/Applications/Xcode.app/Contents/Developer/Platforms/MacOSX.platform/Developer/SDKs/MacOSX13.1.sdk/usr/include]
    add: [/Applications/Xcode.app/Contents/Developer/Toolchains/XcodeDefault.xctoolchain/usr/include]
  end of search list found
  collapse include dir [/Applications/Xcode.app/Contents/Developer/Toolchains/XcodeDefault.xctoolchain/usr/lib/clang/14.0.0/include] ==> [/Applications/Xcode.app/Contents/Developer/Toolchains/XcodeDefault.xctoolchain/usr/lib/clang/14.0.0/include]
  collapse include dir [/Applications/Xcode.app/Contents/Developer/Platforms/MacOSX.platform/Developer/SDKs/MacOSX13.1.sdk/usr/include] ==> [/Applications/Xcode.app/Contents/Developer/Platforms/MacOSX.platform/Developer/SDKs/MacOSX13.1.sdk/usr/include]
  collapse include dir [/Applications/Xcode.app/Contents/Developer/Toolchains/XcodeDefault.xctoolchain/usr/include] ==> [/Applications/Xcode.app/Contents/Developer/Toolchains/XcodeDefault.xctoolchain/usr/include]
  implicit include dirs: [/Applications/Xcode.app/Contents/Developer/Toolchains/XcodeDefault.xctoolchain/usr/lib/clang/14.0.0/include;/Applications/Xcode.app/Contents/Developer/Platforms/MacOSX.platform/Developer/SDKs/MacOSX13.1.sdk/usr/include;/Applications/Xcode.app/Contents/Developer/Toolchains/XcodeDefault.xctoolchain/usr/include]


Parsed C implicit link information from above output:
  link line regex: [^( *|.*[/\])(ld|CMAKE_LINK_STARTFILE-NOTFOUND|([^/\]+-)?ld|collect2)[^/\]*( |$)]
  ignore line: [Change Dir: /Users/adrian/CLionProjects/succ-vectors/cmake-build-release-event-trace/CMakeFiles/CMakeTmp]
  ignore line: []
  ignore line: [Run Build Command(s):/Applications/CLion.app/Contents/bin/ninja/mac/ninja cmTC_428b6 && [1/2] Building C object CMakeFiles/cmTC_428b6.dir/CMakeCCompilerABI.c.o]
  ignore line: [Apple clang version 14.0.0 (clang-1400.0.29.202)]
  ignore line: [Target: arm64-apple-darwin22.2.0]
  ignore line: [Thread model: posix]
  ignore line: [InstalledDir: /Applications/Xcode.app/Contents/Developer/Toolchains/XcodeDefault.xctoolchain/usr/bin]
  ignore line: [clang: warning: -Wl -v: 'linker' input unused [-Wunused-command-line-argument]]
  ignore line: [ "/Applications/Xcode.app/Contents/Developer/Toolchains/XcodeDefault.xctoolchain/usr/bin/clang" -cc1 -triple arm64-apple-macosx13.0.0 -Wundef-prefix=TARGET_OS_ -Wdeprecated-objc-isa-usage -Werror=deprecated-objc-isa-usage -Werror=implicit-function-declaration -emit-obj -mrelax-all --mrelax-relocations -disable-free -clear-ast-before-backend -disable-llvm-verifier -discard-value-names -main-file-name CMakeCCompilerABI.c -mrelocation-model pic -pic-level 2 -mframe-pointer=non-leaf -fno-strict-return -fno-rounding-math -funwind-tables=2 -fobjc-msgsend-selector-stubs -target-sdk-version=13.1 -fvisibility-inlines-hidden-static-local-var -target-cpu apple-m1 -target-feature +v8.5a -target-feature +fp-armv8 -target-feature +neon -target-feature +crc -target-feature +crypto -target-feature +dotprod -target-feature +fp16fml -target-feature +ras -target-feature +lse -target-feature +rdm -target-feature +rcpc -target-feature +zcm -target-feature +zcz -target-feature +fullfp16 -target-feature +sm4 -target-feature +sha3 -target-feature +sha2 -target-feature +aes -target-abi darwinpcs -fallow-half-arguments-and-returns -debugger-tuning=lldb -target-linker-version 820.1 -v -resource-dir /Applications/Xcode.app/Contents/Developer/Toolchains/XcodeDefault.xctoolchain/usr/lib/clang/14.0.0 -dependency-file CMakeFiles/cmTC_428b6.dir/CMakeCCompilerABI.c.o.d -skip-unused-modulemap-deps -MT CMakeFiles/cmTC_428b6.dir/CMakeCCompilerABI.c.o -sys-header-deps -isysroot /Applications/Xcode.app/Contents/Developer/Platforms/MacOSX.platform/Developer/SDKs/MacOSX13.1.sdk -internal-isystem /Applications/Xcode.app/Contents/Developer/Platforms/MacOSX.platform/Developer/SDKs/MacOSX13.1.sdk/usr/local/include -internal-isystem /Applications/Xcode.app/Contents/Developer/Toolchains/XcodeDefault.xctoolchain/usr/lib/clang/14.0.0/include -internal-externc-isystem /Applications/Xcode.app/Contents/Developer/Platforms/MacOSX.platform/Developer/SDKs/MacOSX13.1.sdk/usr/include -internal-externc-isystem /Applications/Xcode.app/Contents/Developer/Toolchains/XcodeDefault.xctoolchain/usr/include -Wno-reorder-init-list -Wno-implicit-int-float-conversion -Wno-c99-designator -Wno-final-dtor-non-final-class -Wno-extra-semi-stmt -Wno-misleading-indentation -Wno-quoted-include-in-framework-header -Wno-implicit-fallthrough -Wno-enum-enum-conversion -Wno-enum-float-conversion -Wno-elaborated-enum-base -Wno-reserved-identifier -Wno-gnu-folding-constant -Wno-cast-function-type -Wno-bitwise-instead-of-logical -fdebug-compilation-dir=/Users/adrian/CLionProjects/succ-vectors/cmake-build-release-event-trace/CMakeFiles/CMakeTmp -ferror-limit 19 -stack-protector 1 -fstack-check -mdarwin-stkchk-strong-link -fblocks -fencode-extended-block-signature -fregister-global-dtors-with-atexit -fgnuc-version=4.2.1 -fmax-type-align=16 -fcommon -fcolor-diagnostics -clang-vendor-feature=+messageToSelfInClassMethodIdReturnType -clang-vendor-feature=+disableInferNewAvailabilityFromInit -clang-vendor-feature=+disableNonDependentMemberExprInCurrentInstantiation -fno-odr-hash-protocols -clang-vendor-feature=+enableAggressiveVLAFolding -clang-vendor-feature=+revert09abecef7bbf -clang-vendor-feature=+thisNoAlignAttr -clang-vendor-feature=+thisNoNullAttr -mllvm -disable-aligned-alloc-awareness=1 -D__GCC_HAVE_DWARF2_CFI_ASM=1 -o CMakeFiles/cmTC_428b6.dir/CMakeCCompilerABI.c.o -x c /Applications/CLion.app/Contents/bin/cmake/mac/share/cmake-3.24/Modules/CMakeCCompilerABI.c]
  ignore line: [clang -cc1 version 14.0.0 (clang-1400.0.29.202) default target arm64-apple-darwin22.2.0]
  ignore line: [ignoring nonexistent directory "/Applications/Xcode.app/Contents/Developer/Platforms/MacOSX.platform/Developer/SDKs/MacOSX13.1.sdk/usr/local/include"]
  ignore line: [ignoring nonexistent directory "/Applications/Xcode.app/Contents/Developer/Platforms/MacOSX.platform/Developer/SDKs/MacOSX13.1.sdk/Library/Frameworks"]
  ignore line: [#include "..." search starts here:]
  ignore line: [#include <...> search starts here:]
  ignore line: [ /Applications/Xcode.app/Contents/Developer/Toolchains/XcodeDefault.xctoolchain/usr/lib/clang/14.0.0/include]
  ignore line: [ /Applications/Xcode.app/Contents/Developer/Platforms/MacOSX.platform/Developer/SDKs/MacOSX13.1.sdk/usr/include]
  ignore line: [ /Applications/Xcode.app/Contents/Developer/Toolchains/XcodeDefault.xctoolchain/usr/include]
  ignore line: [ /Applications/Xcode.app/Contents/Developer/Platforms/MacOSX.platform/Developer/SDKs/MacOSX13.1.sdk/System/Library/Frameworks (framework directory)]
  ignore line: [End of search list.]
  ignore line: [[2/2] Linking C executable cmTC_428b6]
  ignore line: [Apple clang version 14.0.0 (clang-1400.0.29.202)]
  ignore line: [Target: arm64-apple-darwin22.2.0]
  ignore line: [Thread model: posix]
  ignore line: [InstalledDir: /Applications/Xcode.app/Contents/Developer/Toolchains/XcodeDefault.xctoolchain/usr/bin]
  link line: [ "/Applications/Xcode.app/Contents/Developer/Toolchains/XcodeDefault.xctoolchain/usr/bin/ld" -demangle -lto_library /Applications/Xcode.app/Contents/Developer/Toolchains/XcodeDefault.xctoolchain/usr/lib/libLTO.dylib -dynamic -arch arm64 -platform_version macos 13.0.0 13.1 -syslibroot /Applications/Xcode.app/Contents/Developer/Platforms/MacOSX.platform/Developer/SDKs/MacOSX13.1.sdk -o cmTC_428b6 -search_paths_first -headerpad_max_install_names -v CMakeFiles/cmTC_428b6.dir/CMakeCCompilerABI.c.o -lSystem /Applications/Xcode.app/Contents/Developer/Toolchains/XcodeDefault.xctoolchain/usr/lib/clang/14.0.0/lib/darwin/libclang_rt.osx.a]
    arg [/Applications/Xcode.app/Contents/Developer/Toolchains/XcodeDefault.xctoolchain/usr/bin/ld] ==> ignore
    arg [-demangle] ==> ignore
    arg [-lto_library] ==> ignore, skip following value
    arg [/Applications/Xcode.app/Contents/Developer/Toolchains/XcodeDefault.xctoolchain/usr/lib/libLTO.dylib] ==> skip value of -lto_library
    arg [-dynamic] ==> ignore
    arg [-arch] ==> ignore
    arg [arm64] ==> ignore
    arg [-platform_version] ==> ignore
    arg [macos] ==> ignore
    arg [13.0.0] ==> ignore
    arg [13.1] ==> ignore
    arg [-syslibroot] ==> ignore
    arg [/Applications/Xcode.app/Contents/Developer/Platforms/MacOSX.platform/Developer/SDKs/MacOSX13.1.sdk] ==> ignore
    arg [-o] ==> ignore
    arg [cmTC_428b6] ==> ignore
    arg [-search_paths_first] ==> ignore
    arg [-headerpad_max_install_names] ==> ignore
    arg [-v] ==> ignore
    arg [CMakeFiles/cmTC_428b6.dir/CMakeCCompilerABI.c.o] ==> ignore
    arg [-lSystem] ==> lib [System]
    arg [/Applications/Xcode.app/Contents/Developer/Toolchains/XcodeDefault.xctoolchain/usr/lib/clang/14.0.0/lib/darwin/libclang_rt.osx.a] ==> lib [/Applications/Xcode.app/Contents/Developer/Toolchains/XcodeDefault.xctoolchain/usr/lib/clang/14.0.0/lib/darwin/libclang_rt.osx.a]
  Library search paths: [;/Applications/Xcode.app/Contents/Developer/Platforms/MacOSX.platform/Developer/SDKs/MacOSX13.1.sdk/usr/lib]
  Framework search paths: [;/Applications/Xcode.app/Contents/Developer/Platforms/MacOSX.platform/Developer/SDKs/MacOSX13.1.sdk/System/Library/Frameworks/]
  remove lib [System]
  remove lib [/Applications/Xcode.app/Contents/Developer/Toolchains/XcodeDefault.xctoolchain/usr/lib/clang/14.0.0/lib/darwin/libclang_rt.osx.a]
  collapse library dir [/Applications/Xcode.app/Contents/Developer/Platforms/MacOSX.platform/Developer/SDKs/MacOSX13.1.sdk/usr/lib] ==> [/Applications/Xcode.app/Contents/Developer/Platforms/MacOSX.platform/Developer/SDKs/MacOSX13.1.sdk/usr/lib]
  collapse framework dir [/Applications/Xcode.app/Contents/Developer/Platforms/MacOSX.platform/Developer/SDKs/MacOSX13.1.sdk/System/Library/Frameworks/] ==> [/Applications/Xcode.app/Contents/Developer/Platforms/MacOSX.platform/Developer/SDKs/MacOSX13.1.sdk/System/Library/Frameworks]
  implicit libs: []
  implicit objs: []
  implicit dirs: [/Applications/Xcode.app/Contents/Developer/Platforms/MacOSX.platform/Developer/SDKs/MacOSX13.1.sdk/usr/lib]
  implicit fwks: [/Applications/Xcode.app/Contents/Developer/Platforms/MacOSX.platform/Developer/SDKs/MacOSX13.1.sdk/System/Library/Frameworks]


Detecting CXX compiler ABI info compiled with the following output:
Change Dir: /Users/adrian/CLionProjects/succ-vectors/cmake-build-release-event-trace/CMakeFiles/CMakeTmp

Run Build Command(s):/Applications/CLion.app/Contents/bin/ninja/mac/ninja cmTC_e8be8 && [1/2] Building CXX object CMakeFiles/cmTC_e8be8.dir/CMakeCXXCompilerABI.cpp.o
Apple clang version 14.0.0 (clang-1400.0.29.202)
Target: arm64-apple-darwin22.2.0
Thread model: posix
InstalledDir: /Applications/Xcode.app/Contents/Developer/Toolchains/XcodeDefault.xctoolchain/usr/bin
clang: warning: -Wl,-v: 'linker' input unused [-Wunused-command-line-argument]
 "/Applications/Xcode.app/Contents/Developer/Toolchains/XcodeDefault.xctoolchain/usr/bin/clang" -cc1 -triple arm64-apple-macosx13.0.0 -Wundef-prefix=TARGET_OS_ -Wdeprecated-objc-isa-usage -Werror=deprecated-objc-isa-usage -Werror=implicit-function-declaration -emit-obj -mrelax-all --mrelax-relocations -disable-free -clear-ast-before-backend -disable-llvm-verifier -discard-value-names -main-file-name CMakeCXXCompilerABI.cpp -mrelocation-model pic -pic-level 2 -mframe-pointer=non-leaf -fno-strict-return -fno-rounding-math -funwind-tables=2 -fobjc-msgsend-selector-stubs -target-sdk-version=13.1 -fvisibility-inlines-hidden-static-local-var -target-cpu apple-m1 -target-feature +v8.5a -target-feature +fp-armv8 -target-feature +neon -target-feature +crc -target-feature +crypto -target-feature +dotprod -target-feature +fp16fml -target-feature +ras -target-feature +lse -target-feature +rdm -target-feature +rcpc -target-feature +zcm -target-feature +zcz -target-feature +fullfp16 -target-feature +sm4 -target-feature +sha3 -target-feature +sha2 -target-feature +aes -target-abi darwinpcs -fallow-half-arguments-and-returns -debugger-tuning=lldb -target-linker-version 820.1 -v -resource-dir /Applications/Xcode.app/Contents/Developer/Toolchains/XcodeDefault.xctoolchain/usr/lib/clang/14.0.0 -dependency-file CMakeFiles/cmTC_e8be8.dir/CMakeCXXCompilerABI.cpp.o.d -skip-unused-modulemap-deps -MT CMakeFiles/cmTC_e8be8.dir/CMakeCXXCompilerABI.cpp.o -sys-header-deps -isysroot /Applications/Xcode.app/Contents/Developer/Platforms/MacOSX.platform/Developer/SDKs/MacOSX13.1.sdk -stdlib=libc++ -internal-isystem /Applications/Xcode.app/Contents/Developer/Platforms/MacOSX.platform/Developer/SDKs/MacOSX13.1.sdk/usr/include/c++/v1 -internal-isystem /Applications/Xcode.app/Contents/Developer/Platforms/MacOSX.platform/Developer/SDKs/MacOSX13.1.sdk/usr/local/include -internal-isystem /Applications/Xcode.app/Contents/Developer/Toolchains/XcodeDefault.xctoolchain/usr/lib/clang/14.0.0/include -internal-externc-isystem /Applications/Xcode.app/Contents/Developer/Platforms/MacOSX.platform/Developer/SDKs/MacOSX13.1.sdk/usr/include -internal-externc-isystem /Applications/Xcode.app/Contents/Developer/Toolchains/XcodeDefault.xctoolchain/usr/include -Wno-reorder-init-list -Wno-implicit-int-float-conversion -Wno-c99-designator -Wno-final-dtor-non-final-class -Wno-extra-semi-stmt -Wno-misleading-indentation -Wno-quoted-include-in-framework-header -Wno-implicit-fallthrough -Wno-enum-enum-conversion -Wno-enum-float-conversion -Wno-elaborated-enum-base -Wno-reserved-identifier -Wno-gnu-folding-constant -Wno-cast-function-type -Wno-bitwise-instead-of-logical -fdeprecated-macro -fdebug-compilation-dir=/Users/adrian/CLionProjects/succ-vectors/cmake-build-release-event-trace/CMakeFiles/CMakeTmp -ferror-limit 19 -stack-protector 1 -fstack-check -mdarwin-stkchk-strong-link -fblocks -fencode-extended-block-signature -fregister-global-dtors-with-atexit -fgnuc-version=4.2.1 -fno-cxx-modules -fcxx-exceptions -fexceptions -fmax-type-align=16 -fcommon -fcolor-diagnostics -clang-vendor-feature=+messageToSelfInClassMethodIdReturnType -clang-vendor-feature=+disableInferNewAvailabilityFromInit -clang-vendor-feature=+disableNonDependentMemberExprInCurrentInstantiation -fno-odr-hash-protocols -clang-vendor-feature=+enableAggressiveVLAFolding -clang-vendor-feature=+revert09abecef7bbf -clang-vendor-feature=+thisNoAlignAttr -clang-vendor-feature=+thisNoNullAttr -mllvm -disable-aligned-alloc-awareness=1 -D__GCC_HAVE_DWARF2_CFI_ASM=1 -o CMakeFiles/cmTC_e8be8.dir/CMakeCXXCompilerABI.cpp.o -x c++ /Applications/CLion.app/Contents/bin/cmake/mac/share/cmake-3.24/Modules/CMakeCXXCompilerABI.cpp
clang -cc1 version 14.0.0 (clang-1400.0.29.202) default target arm64-apple-darwin22.2.0
ignoring nonexistent directory "/Applications/Xcode.app/Contents/Developer/Platforms/MacOSX.platform/Developer/SDKs/MacOSX13.1.sdk/usr/local/include"
ignoring nonexistent directory "/Applications/Xcode.app/Contents/Developer/Platforms/MacOSX.platform/Developer/SDKs/MacOSX13.1.sdk/Library/Frameworks"
#include "..." search starts here:
#include <...> search starts here:
 /Applications/Xcode.app/Contents/Developer/Platforms/MacOSX.platform/Developer/SDKs/MacOSX13.1.sdk/usr/include/c++/v1
 /Applications/Xcode.app/Contents/Developer/Toolchains/XcodeDefault.xctoolchain/usr/lib/clang/14.0.0/include
 /Applications/Xcode.app/Contents/Developer/Platforms/MacOSX.platform/Developer/SDKs/MacOSX13.1.sdk/usr/include
 /Applications/Xcode.app/Contents/Developer/Toolchains/XcodeDefault.xctoolchain/usr/include
 /Applications/Xcode.app/Contents/Developer/Platforms/MacOSX.platform/Developer/SDKs/MacOSX13.1.sdk/System/Library/Frameworks (framework directory)
End of search list.
[2/2] Linking CXX executable cmTC_e8be8
Apple clang version 14.0.0 (clang-1400.0.29.202)
Target: arm64-apple-darwin22.2.0
Thread model: posix
InstalledDir: /Applications/Xcode.app/Contents/Developer/Toolchains/XcodeDefault.xctoolchain/usr/bin
 "/Applications/Xcode.app/Contents/Developer/Toolchains/XcodeDefault.xctoolchain/usr/bin/ld" -demangle -lto_library /Applications/Xcode.app/Contents/Developer/Toolchains/XcodeDefault.xctoolchain/usr/lib/libLTO.dylib -dynamic -arch arm64 -platform_version macos 13.0.0 13.1 -syslibroot /Applications/Xcode.app/Contents/Developer/Platforms/MacOSX.platform/Developer/SDKs/MacOSX13.1.sdk -o cmTC_e8be8 -search_paths_first -headerpad_max_install_names -v CMakeFiles/cmTC_e8be8.dir/CMakeCXXCompilerABI.cpp.o -lc++ -lSystem /Applications/Xcode.app/Contents/Developer/Toolchains/XcodeDefault.xctoolchain/usr/lib/clang/14.0.0/lib/darwin/libclang_rt.osx.a
@(#)PROGRAM:ld  PROJECT:ld64-820.1
BUILD 20:07:05 Nov  7 2022
configured to support archs: armv6 armv7 armv7s arm64 arm64e arm64_32 i386 x86_64 x86_64h armv6m armv7k armv7m armv7em
Library search paths:
	/Applications/Xcode.app/Contents/Developer/Platforms/MacOSX.platform/Developer/SDKs/MacOSX13.1.sdk/usr/lib
Framework search paths:
	/Applications/Xcode.app/Contents/Developer/Platforms/MacOSX.platform/Developer/SDKs/MacOSX13.1.sdk/System/Library/Frameworks/



Parsed CXX implicit include dir info from above output: rv=done
  found start of include info
  found start of implicit include info
    add: [/Applications/Xcode.app/Contents/Developer/Platforms/MacOSX.platform/Developer/SDKs/MacOSX13.1.sdk/usr/include/c++/v1]
    add: [/Applications/Xcode.app/Contents/Developer/Toolchains/XcodeDefault.xctoolchain/usr/lib/clang/14.0.0/include]
    add: [/Applications/Xcode.app/Contents/Developer/Platforms/MacOSX.platform/Developer/SDKs/MacOSX13.1.sdk/usr/include]
    add: [/Applications/Xcode.app/Contents/Developer/Toolchains/XcodeDefault.xctoolchain/usr/include]
  end of search list found
  collapse include dir [/Applications/Xcode.app/Contents/Developer/Platforms/MacOSX.platform/Developer/SDKs/MacOSX13.1.sdk/usr/include/c++/v1] ==> [/Applications/Xcode.app/Contents/Developer/Platforms/MacOSX.platform/Developer/SDKs/MacOSX13.1.sdk/usr/include/c++/v1]
  collapse include dir [/Applications/Xcode.app/Contents/Developer/Toolchains/XcodeDefault.xctoolchain/usr/lib/clang/14.0.0/include] ==> [/Applications/Xcode.app/Contents/Developer/Toolchains/XcodeDefault.xctoolchain/usr/lib/clang/14.0.0/include]
  collapse include dir [/Applications/Xcode.app/Contents/Developer/Platforms/MacOSX.platform/Developer/SDKs/MacOSX13.1.sdk/usr/include] ==> [/Applications/Xcode.app/Contents/Developer/Platforms/MacOSX.platform/Developer/SDKs/MacOSX13.1.sdk/usr/include]
  collapse include dir [/Applications/Xcode.app/Contents/Developer/Toolchains/XcodeDefault.xctoolchain/usr/include] ==> [/Applications/Xcode.app/Contents/Developer/Toolchains/XcodeDefault.xctoolchain/usr/include]
  implicit include dirs: [/Applications/Xcode.app/Contents/Developer/Platforms/MacOSX.platform/Developer/SDKs/MacOSX13.1.sdk/usr/include/c++/v1;/Applications/Xcode.app/Contents/Developer/Toolchains/XcodeDefault.xctoolchain/usr/lib/clang/14.0.0/include;/Applications/Xcode.app/Contents/Developer/Platforms/MacOSX.platform/Developer/SDKs/MacOSX13.1.sdk/usr/include;/Applications/Xcode.app/Contents/Developer/Toolchains/XcodeDefault.xctoolchain/usr/include]


Parsed CXX implicit link information from above output:
  link line regex: [^( *|.*[/\])(ld|CMAKE_LINK_STARTFILE-NOTFOUND|([^/\]+-)?ld|collect2)[^/\]*( |$)]
  ignore line: [Change Dir: /Users/adrian/CLionProjects/succ-vectors/cmake-build-release-event-trace/CMakeFiles/CMakeTmp]
  ignore line: []
  ignore line: [Run Build Command(s):/Applications/CLion.app/Contents/bin/ninja/mac/ninja cmTC_e8be8 && [1/2] Building CXX object CMakeFiles/cmTC_e8be8.dir/CMakeCXXCompilerABI.cpp.o]
  ignore line: [Apple clang version 14.0.0 (clang-1400.0.29.202)]
  ignore line: [Target: arm64-apple-darwin22.2.0]
  ignore line: [Thread model: posix]
  ignore line: [InstalledDir: /Applications/Xcode.app/Contents/Developer/Toolchains/XcodeDefault.xctoolchain/usr/bin]
  ignore line: [clang: warning: -Wl -v: 'linker' input unused [-Wunused-command-line-argument]]
  ignore line: [ "/Applications/Xcode.app/Contents/Developer/Toolchains/XcodeDefault.xctoolchain/usr/bin/clang" -cc1 -triple arm64-apple-macosx13.0.0 -Wundef-prefix=TARGET_OS_ -Wdeprecated-objc-isa-usage -Werror=deprecated-objc-isa-usage -Werror=implicit-function-declaration -emit-obj -mrelax-all --mrelax-relocations -disable-free -clear-ast-before-backend -disable-llvm-verifier -discard-value-names -main-file-name CMakeCXXCompilerABI.cpp -mrelocation-model pic -pic-level 2 -mframe-pointer=non-leaf -fno-strict-return -fno-rounding-math -funwind-tables=2 -fobjc-msgsend-selector-stubs -target-sdk-version=13.1 -fvisibility-inlines-hidden-static-local-var -target-cpu apple-m1 -target-feature +v8.5a -target-feature +fp-armv8 -target-feature +neon -target-feature +crc -target-feature +crypto -target-feature +dotprod -target-feature +fp16fml -target-feature +ras -target-feature +lse -target-feature +rdm -target-feature +rcpc -target-feature +zcm -target-feature +zcz -target-feature +fullfp16 -target-feature +sm4 -target-feature +sha3 -target-feature +sha2 -target-feature +aes -target-abi darwinpcs -fallow-half-arguments-and-returns -debugger-tuning=lldb -target-linker-version 820.1 -v -resource-dir /Applications/Xcode.app/Contents/Developer/Toolchains/XcodeDefault.xctoolchain/usr/lib/clang/14.0.0 -dependency-file CMakeFiles/cmTC_e8be8.dir/CMakeCXXCompilerABI.cpp.o.d -skip-unused-modulemap-deps -MT CMakeFiles/cmTC_e8be8.dir/CMakeCXXCompilerABI.cpp.o -sys-header-deps -isysroot /Applications/Xcode.app/Contents/Developer/Platforms/MacOSX.platform/Developer/SDKs/MacOSX13.1.sdk -stdlib=libc++ -internal-isystem /Applications/Xcode.app/Contents/Developer/Platforms/MacOSX.platform/Developer/SDKs/MacOSX13.1.sdk/usr/include/c++/v1 -internal-isystem /Applications/Xcode.app/Contents/Developer/Platforms/MacOSX.platform/Developer/SDKs/MacOSX13.1.sdk/usr/local/include -internal-isystem /Applications/Xcode.app/Contents/Developer/Toolchains/XcodeDefault.xctoolchain/usr/lib/clang/14.0.0/include -internal-externc-isystem /Applications/Xcode.app/Contents/Developer/Platforms/MacOSX.platform/Developer/SDKs/MacOSX13.1.sdk/usr/include -internal-externc-isystem /Applications/Xcode.app/Contents/Developer/Toolchains/XcodeDefault.xctoolchain/usr/include -Wno-reorder-init-list -Wno-implicit-int-float-conversion -Wno-c99-designator -Wno-final-dtor-non-final-class -Wno-extra-semi-stmt -Wno-misleading-indentation -Wno-quoted-include-in-framework-header -Wno-implicit-fallthrough -Wno-enum-enum-conversion -Wno-enum-float-conversion -Wno-elaborated-enum-base -Wno-reserved-identifier -Wno-gnu-folding-constant -Wno-cast-function-type -Wno-bitwise-instead-of-logical -fdeprecated-macro -fdebug-compilation-dir=/Users/adrian/CLionProjects/succ-vectors/cmake-build-release-event-trace/CMakeFiles/CMakeTmp -ferror-limit 19 -stack-protector 1 -fstack-check -mdarwin-stkchk-strong-link -fblocks -fencode-extended-block-signature -fregister-global-dtors-with-atexit -fgnuc-version=4.2.1 -fno-cxx-modules -fcxx-exceptions -fexceptions -fmax-type-align=16 -fcommon -fcolor-diagnostics -clang-vendor-feature=+messageToSelfInClassMethodIdReturnType -clang-vendor-feature=+disableInferNewAvailabilityFromInit -clang-vendor-feature=+disableNonDependentMemberExprInCurrentInstantiation -fno-odr-hash-protocols -clang-vendor-feature=+enableAggressiveVLAFolding -clang-vendor-feature=+revert09abecef7bbf -clang-vendor-feature=+thisNoAlignAttr -clang-vendor-feature=+thisNoNullAttr -mllvm -disable-aligned-alloc-awareness=1 -D__GCC_HAVE_DWARF2_CFI_ASM=1 -o CMakeFiles/cmTC_e8be8.dir/CMakeCXXCompilerABI.cpp.o -x c++ /Applications/CLion.app/Contents/bin/cmake/mac/share/cmake-3.24/Modules/CMakeCXXCompilerABI.cpp]
  ignore line: [clang -cc1 version 14.0.0 (clang-1400.0.29.202) default target arm64-apple-darwin22.2.0]
  ignore line: [ignoring nonexistent directory "/Applications/Xcode.app/Contents/Developer/Platforms/MacOSX.platform/Developer/SDKs/MacOSX13.1.sdk/usr/local/include"]
  ignore line: [ignoring nonexistent directory "/Applications/Xcode.app/Contents/Developer/Platforms/MacOSX.platform/Developer/SDKs/MacOSX13.1.sdk/Library/Frameworks"]
  ignore line: [#include "..." search starts here:]
  ignore line: [#include <...> search starts here:]
  ignore line: [ /Applications/Xcode.app/Contents/Developer/Platforms/MacOSX.platform/Developer/SDKs/MacOSX13.1.sdk/usr/include/c++/v1]
  ignore line: [ /Applications/Xcode.app/Contents/Developer/Toolchains/XcodeDefault.xctoolchain/usr/lib/clang/14.0.0/include]
  ignore line: [ /Applications/Xcode.app/Contents/Developer/Platforms/MacOSX.platform/Developer/SDKs/MacOSX13.1.sdk/usr/include]
  ignore line: [ /Applications/Xcode.app/Contents/Developer/Toolchains/XcodeDefault.xctoolchain/usr/include]
  ignore line: [ /Applications/Xcode.app/Contents/Developer/Platforms/MacOSX.platform/Developer/SDKs/MacOSX13.1.sdk/System/Library/Frameworks (framework directory)]
  ignore line: [End of search list.]
  ignore line: [[2/2] Linking CXX executable cmTC_e8be8]
  ignore line: [Apple clang version 14.0.0 (clang-1400.0.29.202)]
  ignore line: [Target: arm64-apple-darwin22.2.0]
  ignore line: [Thread model: posix]
  ignore line: [InstalledDir: /Applications/Xcode.app/Contents/Developer/Toolchains/XcodeDefault.xctoolchain/usr/bin]
  link line: [ "/Applications/Xcode.app/Contents/Developer/Toolchains/XcodeDefault.xctoolchain/usr/bin/ld" -demangle -lto_library /Applications/Xcode.app/Contents/Developer/Toolchains/XcodeDefault.xctoolchain/usr/lib/libLTO.dylib -dynamic -arch arm64 -platform_version macos 13.0.0 13.1 -syslibroot /Applications/Xcode.app/Contents/Developer/Platforms/MacOSX.platform/Developer/SDKs/MacOSX13.1.sdk -o cmTC_e8be8 -search_paths_first -headerpad_max_install_names -v CMakeFiles/cmTC_e8be8.dir/CMakeCXXCompilerABI.cpp.o -lc++ -lSystem /Applications/Xcode.app/Contents/Developer/Toolchains/XcodeDefault.xctoolchain/usr/lib/clang/14.0.0/lib/darwin/libclang_rt.osx.a]
    arg [/Applications/Xcode.app/Contents/Developer/Toolchains/XcodeDefault.xctoolchain/usr/bin/ld] ==> ignore
    arg [-demangle] ==> ignore
    arg [-lto_library] ==> ignore, skip following value
    arg [/Applications/Xcode.app/Contents/Developer/Toolchains/XcodeDefault.xctoolchain/usr/lib/libLTO.dylib] ==> skip value of -lto_library
    arg [-dynamic] ==> ignore
    arg [-arch] ==> ignore
    arg [arm64] ==> ignore
    arg [-platform_version] ==> ignore
    arg [macos] ==> ignore
    arg [13.0.0] ==> ignore
    arg [13.1] ==> ignore
    arg [-syslibroot] ==> ignore
    arg [/Applications/Xcode.app/Contents/Developer/Platforms/MacOSX.platform/Developer/SDKs/MacOSX13.1.sdk] ==> ignore
    arg [-o] ==> ignore
    arg [cmTC_e8be8] ==> ignore
    arg [-search_paths_first] ==> ignore
    arg [-headerpad_max_install_names] ==> ignore
    arg [-v] ==> ignore
    arg [CMakeFiles/cmTC_e8be8.dir/CMakeCXXCompilerABI.cpp.o] ==> ignore
    arg [-lc++] ==> lib [c++]
    arg [-lSystem] ==> lib [System]
    arg [/Applications/Xcode.app/Contents/Developer/Toolchains/XcodeDefault.xctoolchain/usr/lib/clang/14.0.0/lib/darwin/libclang_rt.osx.a] ==> lib [/Applications/Xcode.app/Contents/Developer/Toolchains/XcodeDefault.xctoolchain/usr/lib/clang/14.0.0/lib/darwin/libclang_rt.osx.a]
  Library search paths: [;/Applications/Xcode.app/Contents/Developer/Platforms/MacOSX.platform/Developer/SDKs/MacOSX13.1.sdk/usr/lib]
  Framework search paths: [;/Applications/Xcode.app/Contents/Developer/Platforms/MacOSX.platform/Developer/SDKs/MacOSX13.1.sdk/System/Library/Frameworks/]
  remove lib [System]
  remove lib [/Applications/Xcode.app/Contents/Developer/Toolchains/XcodeDefault.xctoolchain/usr/lib/clang/14.0.0/lib/darwin/libclang_rt.osx.a]
  collapse library dir [/Applications/Xcode.app/Contents/Developer/Platforms/MacOSX.platform/Developer/SDKs/MacOSX13.1.sdk/usr/lib] ==> [/Applications/Xcode.app/Contents/Developer/Platforms/MacOSX.platform/Developer/SDKs/MacOSX13.1.sdk/usr/lib]
  collapse framework dir [/Applications/Xcode.app/Contents/Developer/Platforms/MacOSX.platform/Developer/SDKs/MacOSX13.1.sdk/System/Library/Frameworks/] ==> [/Applications/Xcode.app/Contents/Developer/Platforms/MacOSX.platform/Developer/SDKs/MacOSX13.1.sdk/System/Library/Frameworks]
  implicit libs: [c++]
  implicit objs: []
  implicit dirs: [/Applications/Xcode.app/Contents/Developer/Platforms/MacOSX.platform/Developer/SDKs/MacOSX13.1.sdk/usr/lib]
  implicit fwks: [/Applications/Xcode.app/Contents/Developer/Platforms/MacOSX.platform/Developer/SDKs/MacOSX13.1.sdk/System/Library/Frameworks]


Performing C++ SOURCE FILE Test HAVE_CLANG_STD=C__11 succeeded with the following output:
Change Dir: /Users/adrian/CLionProjects/succ-vectors/cmake-build-release-event-trace/CMakeFiles/CMakeTmp

Run Build Command(s):/Applications/CLion.app/Contents/bin/ninja/mac/ninja cmTC_2d4f4 && [1/2] Building CXX object CMakeFiles/cmTC_2d4f4.dir/src.cxx.o
[2/2] Linking CXX executable cmTC_2d4f4


Source file was:
int main() { return 0; }
Performing C++ SOURCE FILE Test HAVE_CLANG_STDLIB=LIBC__ succeeded with the following output:
Change Dir: /Users/adrian/CLionProjects/succ-vectors/cmake-build-release-event-trace/CMakeFiles/CMakeTmp

Run Build Command(s):/Applications/CLion.app/Contents/bin/ninja/mac/ninja cmTC_60514 && [1/2] Building CXX object CMakeFiles/cmTC_60514.dir/src.cxx.o
[2/2] Linking CXX executable cmTC_60514


Source file was:
int main() { return 0; }
Performing C++ SOURCE FILE Test HAVE_CLANG_MSSE4.2__O3___FFAST_MATH__FUNROLL_LOOPS__DNDEBUG succeeded with the following output:
Change Dir: /Users/adrian/CLionProjects/succ-vectors/cmake-build-release-event-trace/CMakeFiles/CMakeTmp

Run Build Command(s):/Applications/CLion.app/Contents/bin/ninja/mac/ninja cmTC_d56f9 && [1/2] Building CXX object CMakeFiles/cmTC_d56f9.dir/src.cxx.o
clang: warning: argument unused during compilation: '-msse4.2' [-Wunused-command-line-argument]
In file included from <built-in>:436:
<command line>:2:25: warning: ISO C99 requires whitespace after the macro name [-Wc99-extensions]
#define HAVE_CLANG_MSSE4.2__O3___FFAST_MATH__FUNROLL_LOOPS__DNDEBUG 1
                        ^
1 warning generated.
[2/2] Linking CXX executable cmTC_d56f9


Source file was:
int main() { return 0; }
Performing C++ SOURCE FILE Test HAVE_CLANG_STD=C__11__DNDEBUG succeeded with the following output:
Change Dir: /Users/adrian/CLionProjects/succ-vectors/cmake-build-release-event-trace/CMakeFiles/CMakeTmp

Run Build Command(s):/Applications/CLion.app/Contents/bin/ninja/mac/ninja cmTC_18744 && [1/2] Building CXX object CMakeFiles/cmTC_18744.dir/src.cxx.o
[2/2] Linking CXX executable cmTC_18744


Source file was:
int main() { return 0; }
Performing C++ SOURCE FILE Test HAVE_CLANG_O3__FFAST_MATH__FUNROLL_LOOPS__D__EXTERN_ALWAYS_INLINE="EXTERN___ALWAYS_INLINE"_ succeeded with the following output:
Change Dir: /Users/adrian/CLionProjects/succ-vectors/cmake-build-release-event-trace/CMakeFiles/CMakeTmp

Run Build Command(s):/Applications/CLion.app/Contents/bin/ninja/mac/ninja cmTC_5088f && [1/2] Building CXX object CMakeFiles/cmTC_5088f.dir/src.cxx.o
[2/2] Linking CXX executable cmTC_5088f


Source file was:
int main() { return 0; }
Performing C SOURCE FILE Test HAVE_UNKNOWN_WALL succeeded with the following output:
Change Dir: /Users/adrian/CLionProjects/succ-vectors/cmake-build-release-event-trace/CMakeFiles/CMakeTmp

Run Build Command(s):/Applications/CLion.app/Contents/bin/ninja/mac/ninja cmTC_cf650 && [1/2] Building C object CMakeFiles/cmTC_cf650.dir/src.c.o
[2/2] Linking C executable cmTC_cf650


Source file was:
int main() { return 0; }
Performing C SOURCE FILE Test HAVE_UNKNOWN_FOMIT_FRAME_POINTER succeeded with the following output:
Change Dir: /Users/adrian/CLionProjects/succ-vectors/cmake-build-release-event-trace/CMakeFiles/CMakeTmp

Run Build Command(s):/Applications/CLion.app/Contents/bin/ninja/mac/ninja cmTC_f63fa && [1/2] Building C object CMakeFiles/cmTC_f63fa.dir/src.c.o
[2/2] Linking C executable cmTC_f63fa


Source file was:
int main() { return 0; }
Determining if the include file inttypes.h exists passed with the following output:
Change Dir: /Users/adrian/CLionProjects/succ-vectors/cmake-build-release-event-trace/CMakeFiles/CMakeTmp

Run Build Command(s):/Applications/CLion.app/Contents/bin/ninja/mac/ninja cmTC_ba291 && [1/2] Building C object CMakeFiles/cmTC_ba291.dir/CheckIncludeFile.c.o
[2/2] Linking C executable cmTC_ba291



Determining if the include file memory.h exists passed with the following output:
Change Dir: /Users/adrian/CLionProjects/succ-vectors/cmake-build-release-event-trace/CMakeFiles/CMakeTmp

Run Build Command(s):/Applications/CLion.app/Contents/bin/ninja/mac/ninja cmTC_60a38 && [1/2] Building C object CMakeFiles/cmTC_60a38.dir/CheckIncludeFile.c.o
[2/2] Linking C executable cmTC_60a38



Determining if the include file stddef.h exists passed with the following output:
Change Dir: /Users/adrian/CLionProjects/succ-vectors/cmake-build-release-event-trace/CMakeFiles/CMakeTmp

Run Build Command(s):/Applications/CLion.app/Contents/bin/ninja/mac/ninja cmTC_91faa && [1/2] Building C object CMakeFiles/cmTC_91faa.dir/CheckIncludeFile.c.o
[2/2] Linking C executable cmTC_91faa



Determining if the include file stdint.h exists passed with the following output:
Change Dir: /Users/adrian/CLionProjects/succ-vectors/cmake-build-release-event-trace/CMakeFiles/CMakeTmp

Run Build Command(s):/Applications/CLion.app/Contents/bin/ninja/mac/ninja cmTC_844fa && [1/2] Building C object CMakeFiles/cmTC_844fa.dir/CheckIncludeFile.c.o
[2/2] Linking C executable cmTC_844fa



Determining if the include file stdlib.h exists passed with the following output:
Change Dir: /Users/adrian/CLionProjects/succ-vectors/cmake-build-release-event-trace/CMakeFiles/CMakeTmp

Run Build Command(s):/Applications/CLion.app/Contents/bin/ninja/mac/ninja cmTC_0ba61 && [1/2] Building C object CMakeFiles/cmTC_0ba61.dir/CheckIncludeFile.c.o
[2/2] Linking C executable cmTC_0ba61



Determining if the include file string.h exists passed with the following output:
Change Dir: /Users/adrian/CLionProjects/succ-vectors/cmake-build-release-event-trace/CMakeFiles/CMakeTmp

Run Build Command(s):/Applications/CLion.app/Contents/bin/ninja/mac/ninja cmTC_43756 && [1/2] Building C object CMakeFiles/cmTC_43756.dir/CheckIncludeFile.c.o
[2/2] Linking C executable cmTC_43756



Determining if the include file strings.h exists passed with the following output:
Change Dir: /Users/adrian/CLionProjects/succ-vectors/cmake-build-release-event-trace/CMakeFiles/CMakeTmp

Run Build Command(s):/Applications/CLion.app/Contents/bin/ninja/mac/ninja cmTC_fad1b && [1/2] Building C object CMakeFiles/cmTC_fad1b.dir/CheckIncludeFile.c.o
[2/2] Linking C executable cmTC_fad1b



Determining if the include file sys/types.h exists passed with the following output:
Change Dir: /Users/adrian/CLionProjects/succ-vectors/cmake-build-release-event-trace/CMakeFiles/CMakeTmp

Run Build Command(s):/Applications/CLion.app/Contents/bin/ninja/mac/ninja cmTC_3129d && [1/2] Building C object CMakeFiles/cmTC_3129d.dir/CheckIncludeFile.c.o
[2/2] Linking C executable cmTC_3129d



Performing C SOURCE FILE Test HAVE_INLINE succeeded with the following output:
Change Dir: /Users/adrian/CLionProjects/succ-vectors/cmake-build-release-event-trace/CMakeFiles/CMakeTmp

Run Build Command(s):/Applications/CLion.app/Contents/bin/ninja/mac/ninja cmTC_8370a && [1/2] Building C object CMakeFiles/cmTC_8370a.dir/src.c.o
[2/2] Linking C executable cmTC_8370a


Source file was:
inline void func(); void func() { } int main() { func(); return 0; }
Performing C SOURCE FILE Test HAVE___INLINE succeeded with the following output:
Change Dir: /Users/adrian/CLionProjects/succ-vectors/cmake-build-release-event-trace/CMakeFiles/CMakeTmp

Run Build Command(s):/Applications/CLion.app/Contents/bin/ninja/mac/ninja cmTC_1348a && [1/2] Building C object CMakeFiles/cmTC_1348a.dir/src.c.o
[2/2] Linking C executable cmTC_1348a


Source file was:
__inline void func(); void func() { } int main() { func(); return 0; }
Performing C SOURCE FILE Test HAVE___INLINE__ succeeded with the following output:
Change Dir: /Users/adrian/CLionProjects/succ-vectors/cmake-build-release-event-trace/CMakeFiles/CMakeTmp

Run Build Command(s):/Applications/CLion.app/Contents/bin/ninja/mac/ninja cmTC_8f926 && [1/2] Building C object CMakeFiles/cmTC_8f926.dir/src.c.o
[2/2] Linking C executable cmTC_8f926


Source file was:
__inline__ void func(); void func() { } int main() { func(); return 0; }
Determining size of uint8_t passed with the following output:
Change Dir: /Users/adrian/CLionProjects/succ-vectors/cmake-build-release-event-trace/CMakeFiles/CMakeTmp

Run Build Command(s):/Applications/CLion.app/Contents/bin/ninja/mac/ninja cmTC_e3456 && [1/2] Building C object CMakeFiles/cmTC_e3456.dir/UINT8_T.c.o
[2/2] Linking C executable cmTC_e3456



Determining size of int32_t passed with the following output:
Change Dir: /Users/adrian/CLionProjects/succ-vectors/cmake-build-release-event-trace/CMakeFiles/CMakeTmp

Run Build Command(s):/Applications/CLion.app/Contents/bin/ninja/mac/ninja cmTC_6ca31 && [1/2] Building C object CMakeFiles/cmTC_6ca31.dir/INT32_T.c.o
[2/2] Linking C executable cmTC_6ca31



Determining if the PRId32 exist passed with the following output:
Change Dir: /Users/adrian/CLionProjects/succ-vectors/cmake-build-release-event-trace/CMakeFiles/CMakeTmp

Run Build Command(s):/Applications/CLion.app/Contents/bin/ninja/mac/ninja cmTC_a45c9 && [1/2] Building C object CMakeFiles/cmTC_a45c9.dir/CheckSymbolExists.c.o
[2/2] Linking C executable cmTC_a45c9


File /Users/adrian/CLionProjects/succ-vectors/cmake-build-release-event-trace/CMakeFiles/CMakeTmp/CheckSymbolExists.c:
/* */
#include <inttypes.h>

int main(int argc, char** argv)
{
  (void)argv;
#ifndef PRId32
  return ((int*)(&PRId32))[argc];
#else
  (void)argc;
  return 0;
#endif
}
Determining size of int64_t passed with the following output:
Change Dir: /Users/adrian/CLionProjects/succ-vectors/cmake-build-release-event-trace/CMakeFiles/CMakeTmp

Run Build Command(s):/Applications/CLion.app/Contents/bin/ninja/mac/ninja cmTC_21d95 && [1/2] Building C object CMakeFiles/cmTC_21d95.dir/INT64_T.c.o
[2/2] Linking C executable cmTC_21d95



Determining if the PRId64 exist passed with the following output:
Change Dir: /Users/adrian/CLionProjects/succ-vectors/cmake-build-release-event-trace/CMakeFiles/CMakeTmp

Run Build Command(s):/Applications/CLion.app/Contents/bin/ninja/mac/ninja cmTC_9cd86 && [1/2] Building C object CMakeFiles/cmTC_9cd86.dir/CheckSymbolExists.c.o
[2/2] Linking C executable cmTC_9cd86


File /Users/adrian/CLionProjects/succ-vectors/cmake-build-release-event-trace/CMakeFiles/CMakeTmp/CheckSymbolExists.c:
/* */
#include <inttypes.h>

int main(int argc, char** argv)
{
  (void)argv;
#ifndef PRId64
  return ((int*)(&PRId64))[argc];
#else
  (void)argc;
  return 0;
#endif
}
Performing C SOURCE FILE Test CMAKE_HAVE_LIBC_PTHREAD succeeded with the following output:
Change Dir: /Users/adrian/CLionProjects/succ-vectors/cmake-build-release-event-trace/CMakeFiles/CMakeTmp

Run Build Command(s):/Applications/CLion.app/Contents/bin/ninja/mac/ninja cmTC_67bea && [1/2] Building C object CMakeFiles/cmTC_67bea.dir/src.c.o
[2/2] Linking C executable cmTC_67bea


Source file was:
#include <pthread.h>

static void* test_func(void* data)
{
  return data;
}

int main(void)
{
  pthread_t thread;
  pthread_create(&thread, NULL, test_func, NULL);
  pthread_detach(thread);
  pthread_cancel(thread);
  pthread_join(thread, NULL);
  pthread_atfork(NULL, NULL, NULL);
  pthread_exit(NULL);

  return 0;
}

Determining if the include file cstdio exists passed with the following output:
Change Dir: /Users/adrian/CLionProjects/succ-vectors/cmake-build-release-event-trace/CMakeFiles/CMakeTmp

Run Build Command(s):/Applications/CLion.app/Contents/bin/ninja/mac/ninja cmTC_6dd9f && [1/2] Building CXX object CMakeFiles/cmTC_6dd9f.dir/CheckIncludeFile.cxx.o
[2/2] Linking CXX executable cmTC_6dd9f



Performing C++ SOURCE FILE Test HAVE_CLANG_STD=C__11 succeeded with the following output:
Change Dir: /Users/adrian/CLionProjects/succ-vectors/cmake-build-release-event-trace/CMakeFiles/CMakeTmp

Run Build Command(s):/Applications/CLion.app/Contents/bin/ninja/mac/ninja cmTC_b3ee3 && [1/2] Building CXX object CMakeFiles/cmTC_b3ee3.dir/src.cxx.o
[2/2] Linking CXX executable cmTC_b3ee3


Source file was:
int main() { return 0; }
Performing C++ SOURCE FILE Test HAVE_CLANG_STDLIB=LIBC__ succeeded with the following output:
Change Dir: /Users/adrian/CLionProjects/succ-vectors/cmake-build-release-event-trace/CMakeFiles/CMakeTmp

Run Build Command(s):/Applications/CLion.app/Contents/bin/ninja/mac/ninja cmTC_a7766 && [1/2] Building CXX object CMakeFiles/cmTC_a7766.dir/src.cxx.o
[2/2] Linking CXX executable cmTC_a7766


Source file was:
int main() { return 0; }
Performing C++ SOURCE FILE Test HAVE_CLANG_STD=C__11 succeeded with the following output:
Change Dir: /Users/adrian/CLionProjects/succ-vectors/cmake-build-release-event-trace/CMakeFiles/CMakeTmp

Run Build Command(s):/Applications/CLion.app/Contents/bin/ninja/mac/ninja cmTC_4dfaf && [1/2] Building CXX object CMakeFiles/cmTC_4dfaf.dir/src.cxx.o
[2/2] Linking CXX executable cmTC_4dfaf


Source file was:
int main() { return 0; }
Performing C++ SOURCE FILE Test HAVE_CLANG_STDLIB=LIBC__ succeeded with the following output:
Change Dir: /Users/adrian/CLionProjects/succ-vectors/cmake-build-release-event-trace/CMakeFiles/CMakeTmp

Run Build Command(s):/Applications/CLion.app/Contents/bin/ninja/mac/ninja cmTC_df532 && [1/2] Building CXX object CMakeFiles/cmTC_df532.dir/src.cxx.o
[2/2] Linking CXX executable cmTC_df532


Source file was:
int main() { return 0; }
Performing C++ SOURCE FILE Test HAVE_CLANG_STD=C__11__DNDEBUG succeeded with the following output:
Change Dir: /Users/adrian/CLionProjects/succ-vectors/cmake-build-release-event-trace/CMakeFiles/CMakeTmp

Run Build Command(s):/Applications/CLion.app/Contents/bin/ninja/mac/ninja cmTC_5b87c && [1/2] Building CXX object CMakeFiles/cmTC_5b87c.dir/src.cxx.o
[2/2] Linking CXX executable cmTC_5b87c


Source file was:
int main() { return 0; }
Performing C++ SOURCE FILE Test HAVE_CLANG_O3__FFAST_MATH__FUNROLL_LOOPS__D__EXTERN_ALWAYS_INLINE="EXTERN___ALWAYS_INLINE"_ succeeded with the following output:
Change Dir: /Users/adrian/CLionProjects/succ-vectors/cmake-build-release-event-trace/CMakeFiles/CMakeTmp

Run Build Command(s):/Applications/CLion.app/Contents/bin/ninja/mac/ninja cmTC_04c44 && [1/2] Building CXX object CMakeFiles/cmTC_04c44.dir/src.cxx.o
[2/2] Linking CXX executable cmTC_04c44


Source file was:
int main() { return 0; }
Performing C++ SOURCE FILE Test HAVE_CLANG_STD=C__11 succeeded with the following output:
Change Dir: /Users/adrian/CLionProjects/succ-vectors/cmake-build-release-event-trace/CMakeFiles/CMakeTmp

Run Build Command(s):/Applications/CLion.app/Contents/bin/ninja/mac/ninja cmTC_5e4c0 && [1/2] Building CXX object CMakeFiles/cmTC_5e4c0.dir/src.cxx.o
[2/2] Linking CXX executable cmTC_5e4c0


Source file was:
int main() { return 0; }
Performing C++ SOURCE FILE Test HAVE_CLANG_STDLIB=LIBC__ succeeded with the following output:
Change Dir: /Users/adrian/CLionProjects/succ-vectors/cmake-build-release-event-trace/CMakeFiles/CMakeTmp

Run Build Command(s):/Applications/CLion.app/Contents/bin/ninja/mac/ninja cmTC_90592 && [1/2] Building CXX object CMakeFiles/cmTC_90592.dir/src.cxx.o
[2/2] Linking CXX executable cmTC_90592


Source file was:
int main() { return 0; }
Performing C++ SOURCE FILE Test HAVE_CLANG_STD=C__11__DNDEBUG succeeded with the following output:
Change Dir: /Users/adrian/CLionProjects/succ-vectors/cmake-build-release-event-trace/CMakeFiles/CMakeTmp

Run Build Command(s):/Applications/CLion.app/Contents/bin/ninja/mac/ninja cmTC_94d7b && [1/2] Building CXX object CMakeFiles/cmTC_94d7b.dir/src.cxx.o
[2/2] Linking CXX executable cmTC_94d7b


Source file was:
int main() { return 0; }
Performing C++ SOURCE FILE Test HAVE_CLANG_O3__FFAST_MATH__FUNROLL_LOOPS__D__EXTERN_ALWAYS_INLINE="EXTERN___ALWAYS_INLINE"_ succeeded with the following output:
Change Dir: /Users/adrian/CLionProjects/succ-vectors/cmake-build-release-event-trace/CMakeFiles/CMakeTmp

Run Build Command(s):/Applications/CLion.app/Contents/bin/ninja/mac/ninja cmTC_ed5a5 && [1/2] Building CXX object CMakeFiles/cmTC_ed5a5.dir/src.cxx.o
[2/2] Linking CXX executable cmTC_ed5a5


Source file was:
int main() { return 0; }
Performing C++ SOURCE FILE Test HAVE_CLANG_STD=C__11 succeeded with the following output:
Change Dir: /Users/adrian/CLionProjects/succ-vectors/cmake-build-release-event-trace/CMakeFiles/CMakeTmp

Run Build Command(s):/Applications/CLion.app/Contents/bin/ninja/mac/ninja cmTC_b4697 && [1/2] Building CXX object CMakeFiles/cmTC_b4697.dir/src.cxx.o
[2/2] Linking CXX executable cmTC_b4697


Source file was:
int main() { return 0; }
Performing C++ SOURCE FILE Test HAVE_CLANG_STDLIB=LIBC__ succeeded with the following output:
Change Dir: /Users/adrian/CLionProjects/succ-vectors/cmake-build-release-event-trace/CMakeFiles/CMakeTmp

Run Build Command(s):/Applications/CLion.app/Contents/bin/ninja/mac/ninja cmTC_66dda && [1/2] Building CXX object CMakeFiles/cmTC_66dda.dir/src.cxx.o
[2/2] Linking CXX executable cmTC_66dda


Source file was:
int main() { return 0; }
Performing C++ SOURCE FILE Test HAVE_CLANG_STD=C__11__DNDEBUG succeeded with the following output:
Change Dir: /Users/adrian/CLionProjects/succ-vectors/cmake-build-release-event-trace/CMakeFiles/CMakeTmp

Run Build Command(s):/Applications/CLion.app/Contents/bin/ninja/mac/ninja cmTC_d703f && [1/2] Building CXX object CMakeFiles/cmTC_d703f.dir/src.cxx.o
[2/2] Linking CXX executable cmTC_d703f


Source file was:
int main() { return 0; }
Performing C++ SOURCE FILE Test HAVE_CLANG_O3__FFAST_MATH__FUNROLL_LOOPS__D__EXTERN_ALWAYS_INLINE="EXTERN___ALWAYS_INLINE"_ succeeded with the following output:
Change Dir: /Users/adrian/CLionProjects/succ-vectors/cmake-build-release-event-trace/CMakeFiles/CMakeTmp

Run Build Command(s):/Applications/CLion.app/Contents/bin/ninja/mac/ninja cmTC_42e1f && [1/2] Building CXX object CMakeFiles/cmTC_42e1f.dir/src.cxx.o
[2/2] Linking CXX executable cmTC_42e1f


Source file was:
int main() { return 0; }
Performing C++ SOURCE FILE Test HAVE_CLANG_STD=C__11 succeeded with the following output:
Change Dir: /Users/adrian/CLionProjects/succ-vectors/cmake-build-release-event-trace/CMakeFiles/CMakeTmp

Run Build Command(s):/Applications/CLion.app/Contents/bin/ninja/mac/ninja cmTC_78884 && [1/2] Building CXX object CMakeFiles/cmTC_78884.dir/src.cxx.o
[2/2] Linking CXX executable cmTC_78884


Source file was:
int main() { return 0; }
Performing C++ SOURCE FILE Test HAVE_CLANG_STDLIB=LIBC__ succeeded with the following output:
Change Dir: /Users/adrian/CLionProjects/succ-vectors/cmake-build-release-event-trace/CMakeFiles/CMakeTmp

Run Build Command(s):/Applications/CLion.app/Contents/bin/ninja/mac/ninja cmTC_75cd2 && [1/2] Building CXX object CMakeFiles/cmTC_75cd2.dir/src.cxx.o
[2/2] Linking CXX executable cmTC_75cd2


Source file was:
int main() { return 0; }
Performing C++ SOURCE FILE Test HAVE_CLANG_STD=C__11__DNDEBUG succeeded with the following output:
Change Dir: /Users/adrian/CLionProjects/succ-vectors/cmake-build-release-event-trace/CMakeFiles/CMakeTmp

Run Build Command(s):/Applications/CLion.app/Contents/bin/ninja/mac/ninja cmTC_96576 && [1/2] Building CXX object CMakeFiles/cmTC_96576.dir/src.cxx.o
[2/2] Linking CXX executable cmTC_96576


Source file was:
int main() { return 0; }
Performing C++ SOURCE FILE Test HAVE_CLANG_O3__FFAST_MATH__FUNROLL_LOOPS__D__EXTERN_ALWAYS_INLINE="EXTERN___ALWAYS_INLINE"_ succeeded with the following output:
Change Dir: /Users/adrian/CLionProjects/succ-vectors/cmake-build-release-event-trace/CMakeFiles/CMakeTmp

Run Build Command(s):/Applications/CLion.app/Contents/bin/ninja/mac/ninja cmTC_b1c4d && [1/2] Building CXX object CMakeFiles/cmTC_b1c4d.dir/src.cxx.o
[2/2] Linking CXX executable cmTC_b1c4d


Source file was:
int main() { return 0; }
Performing C++ SOURCE FILE Test HAVE_CLANG_STD=C__11 succeeded with the following output:
Change Dir: /Users/adrian/CLionProjects/succ-vectors/cmake-build-release-event-trace/CMakeFiles/CMakeTmp

Run Build Command(s):/Applications/CLion.app/Contents/bin/ninja/mac/ninja cmTC_73da7 && [1/2] Building CXX object CMakeFiles/cmTC_73da7.dir/src.cxx.o
[2/2] Linking CXX executable cmTC_73da7


Source file was:
int main() { return 0; }
Performing C++ SOURCE FILE Test HAVE_CLANG_STDLIB=LIBC__ succeeded with the following output:
Change Dir: /Users/adrian/CLionProjects/succ-vectors/cmake-build-release-event-trace/CMakeFiles/CMakeTmp

Run Build Command(s):/Applications/CLion.app/Contents/bin/ninja/mac/ninja cmTC_d74e0 && [1/2] Building CXX object CMakeFiles/cmTC_d74e0.dir/src.cxx.o
[2/2] Linking CXX executable cmTC_d74e0


Source file was:
int main() { return 0; }
Performing C++ SOURCE FILE Test HAVE_CLANG_STD=C__11__DNDEBUG succeeded with the following output:
Change Dir: /Users/adrian/CLionProjects/succ-vectors/cmake-build-release-event-trace/CMakeFiles/CMakeTmp

Run Build Command(s):/Applications/CLion.app/Contents/bin/ninja/mac/ninja cmTC_39200 && [1/2] Building CXX object CMakeFiles/cmTC_39200.dir/src.cxx.o
[2/2] Linking CXX executable cmTC_39200


Source file was:
int main() { return 0; }
Performing C++ SOURCE FILE Test HAVE_CLANG_O3__FFAST_MATH__FUNROLL_LOOPS__D__EXTERN_ALWAYS_INLINE="EXTERN___ALWAYS_INLINE"_ succeeded with the following output:
Change Dir: /Users/adrian/CLionProjects/succ-vectors/cmake-build-release-event-trace/CMakeFiles/CMakeTmp

Run Build Command(s):/Applications/CLion.app/Contents/bin/ninja/mac/ninja cmTC_af088 && [1/2] Building CXX object CMakeFiles/cmTC_af088.dir/src.cxx.o
[2/2] Linking CXX executable cmTC_af088


Source file was:
int main() { return 0; }
Performing C++ SOURCE FILE Test HAVE_CLANG_STD=C__11 succeeded with the following output:
Change Dir: /Users/adrian/CLionProjects/succ-vectors/cmake-build-release-event-trace/CMakeFiles/CMakeTmp

Run Build Command(s):/Applications/CLion.app/Contents/bin/ninja/mac/ninja cmTC_3732a && [1/2] Building CXX object CMakeFiles/cmTC_3732a.dir/src.cxx.o
[2/2] Linking CXX executable cmTC_3732a


Source file was:
int main() { return 0; }
Performing C++ SOURCE FILE Test HAVE_CLANG_STDLIB=LIBC__ succeeded with the following output:
Change Dir: /Users/adrian/CLionProjects/succ-vectors/cmake-build-release-event-trace/CMakeFiles/CMakeTmp

Run Build Command(s):/Applications/CLion.app/Contents/bin/ninja/mac/ninja cmTC_a1651 && [1/2] Building CXX object CMakeFiles/cmTC_a1651.dir/src.cxx.o
[2/2] Linking CXX executable cmTC_a1651


Source file was:
int main() { return 0; }
Performing C++ SOURCE FILE Test HAVE_CLANG_STD=C__11__DNDEBUG succeeded with the following output:
Change Dir: /Users/adrian/CLionProjects/succ-vectors/cmake-build-release-event-trace/CMakeFiles/CMakeTmp

Run Build Command(s):/Applications/CLion.app/Contents/bin/ninja/mac/ninja cmTC_7866d && [1/2] Building CXX object CMakeFiles/cmTC_7866d.dir/src.cxx.o
[2/2] Linking CXX executable cmTC_7866d


Source file was:
int main() { return 0; }
Performing C++ SOURCE FILE Test HAVE_CLANG_O3__FFAST_MATH__FUNROLL_LOOPS__D__EXTERN_ALWAYS_INLINE="EXTERN___ALWAYS_INLINE"_ succeeded with the following output:
Change Dir: /Users/adrian/CLionProjects/succ-vectors/cmake-build-release-event-trace/CMakeFiles/CMakeTmp

Run Build Command(s):/Applications/CLion.app/Contents/bin/ninja/mac/ninja cmTC_59e1c && [1/2] Building CXX object CMakeFiles/cmTC_59e1c.dir/src.cxx.o
[2/2] Linking CXX executable cmTC_59e1c


Source file was:
int main() { return 0; }
Performing C++ SOURCE FILE Test HAVE_CLANG_STD=C__11 succeeded with the following output:
Change Dir: /Users/adrian/CLionProjects/succ-vectors/cmake-build-release-event-trace/CMakeFiles/CMakeTmp

Run Build Command(s):/Applications/CLion.app/Contents/bin/ninja/mac/ninja cmTC_9faa8 && [1/2] Building CXX object CMakeFiles/cmTC_9faa8.dir/src.cxx.o
[2/2] Linking CXX executable cmTC_9faa8


Source file was:
int main() { return 0; }
Performing C++ SOURCE FILE Test HAVE_CLANG_STDLIB=LIBC__ succeeded with the following output:
Change Dir: /Users/adrian/CLionProjects/succ-vectors/cmake-build-release-event-trace/CMakeFiles/CMakeTmp

Run Build Command(s):/Applications/CLion.app/Contents/bin/ninja/mac/ninja cmTC_6bb0b && [1/2] Building CXX object CMakeFiles/cmTC_6bb0b.dir/src.cxx.o
[2/2] Linking CXX executable cmTC_6bb0b


Source file was:
int main() { return 0; }
Performing C++ SOURCE FILE Test HAVE_CLANG_STD=C__11__DNDEBUG succeeded with the following output:
Change Dir: /Users/adrian/CLionProjects/succ-vectors/cmake-build-release-event-trace/CMakeFiles/CMakeTmp

Run Build Command(s):/Applications/CLion.app/Contents/bin/ninja/mac/ninja cmTC_a7e4a && [1/2] Building CXX object CMakeFiles/cmTC_a7e4a.dir/src.cxx.o
[2/2] Linking CXX executable cmTC_a7e4a


Source file was:
int main() { return 0; }
Performing C++ SOURCE FILE Test HAVE_CLANG_O3__FFAST_MATH__FUNROLL_LOOPS__D__EXTERN_ALWAYS_INLINE="EXTERN___ALWAYS_INLINE"_ succeeded with the following output:
Change Dir: /Users/adrian/CLionProjects/succ-vectors/cmake-build-release-event-trace/CMakeFiles/CMakeTmp

Run Build Command(s):/Applications/CLion.app/Contents/bin/ninja/mac/ninja cmTC_54861 && [1/2] Building CXX object CMakeFiles/cmTC_54861.dir/src.cxx.o
[2/2] Linking CXX executable cmTC_54861


Source file was:
int main() { return 0; }
Performing C++ SOURCE FILE Test HAVE_CLANG_STD=C__11 succeeded with the following output:
Change Dir: /Users/adrian/CLionProjects/succ-vectors/cmake-build-release-event-trace/CMakeFiles/CMakeTmp

Run Build Command(s):/Applications/CLion.app/Contents/bin/ninja/mac/ninja cmTC_35a6f && [1/2] Building CXX object CMakeFiles/cmTC_35a6f.dir/src.cxx.o
[2/2] Linking CXX executable cmTC_35a6f


Source file was:
int main() { return 0; }
Performing C++ SOURCE FILE Test HAVE_CLANG_STDLIB=LIBC__ succeeded with the following output:
Change Dir: /Users/adrian/CLionProjects/succ-vectors/cmake-build-release-event-trace/CMakeFiles/CMakeTmp

Run Build Command(s):/Applications/CLion.app/Contents/bin/ninja/mac/ninja cmTC_c286b && [1/2] Building CXX object CMakeFiles/cmTC_c286b.dir/src.cxx.o
[2/2] Linking CXX executable cmTC_c286b


Source file was:
int main() { return 0; }
Performing C++ SOURCE FILE Test HAVE_CLANG_STD=C__11__DNDEBUG succeeded with the following output:
Change Dir: /Users/adrian/CLionProjects/succ-vectors/cmake-build-release-event-trace/CMakeFiles/CMakeTmp

Run Build Command(s):/Applications/CLion.app/Contents/bin/ninja/mac/ninja cmTC_72f8c && [1/2] Building CXX object CMakeFiles/cmTC_72f8c.dir/src.cxx.o
[2/2] Linking CXX executable cmTC_72f8c


Source file was:
int main() { return 0; }
Performing C++ SOURCE FILE Test HAVE_CLANG_O3__FFAST_MATH__FUNROLL_LOOPS__D__EXTERN_ALWAYS_INLINE="EXTERN___ALWAYS_INLINE"_ succeeded with the following output:
Change Dir: /Users/adrian/CLionProjects/succ-vectors/cmake-build-release-event-trace/CMakeFiles/CMakeTmp

Run Build Command(s):/Applications/CLion.app/Contents/bin/ninja/mac/ninja cmTC_4cb89 && [1/2] Building CXX object CMakeFiles/cmTC_4cb89.dir/src.cxx.o
[2/2] Linking CXX executable cmTC_4cb89


Source file was:
int main() { return 0; }
Performing C++ SOURCE FILE Test HAVE_CLANG_STD=C__11 succeeded with the following output:
Change Dir: /Users/adrian/CLionProjects/succ-vectors/cmake-build-release-event-trace/CMakeFiles/CMakeTmp

Run Build Command(s):/Applications/CLion.app/Contents/bin/ninja/mac/ninja cmTC_5dfdb && [1/2] Building CXX object CMakeFiles/cmTC_5dfdb.dir/src.cxx.o
[2/2] Linking CXX executable cmTC_5dfdb


Source file was:
int main() { return 0; }
Performing C++ SOURCE FILE Test HAVE_CLANG_STDLIB=LIBC__ succeeded with the following output:
Change Dir: /Users/adrian/CLionProjects/succ-vectors/cmake-build-release-event-trace/CMakeFiles/CMakeTmp

Run Build Command(s):/Applications/CLion.app/Contents/bin/ninja/mac/ninja cmTC_0f640 && [1/2] Building CXX object CMakeFiles/cmTC_0f640.dir/src.cxx.o
[2/2] Linking CXX executable cmTC_0f640


Source file was:
int main() { return 0; }
Performing C++ SOURCE FILE Test HAVE_CLANG_STD=C__11__DNDEBUG succeeded with the following output:
Change Dir: /Users/adrian/CLionProjects/succ-vectors/cmake-build-release-event-trace/CMakeFiles/CMakeTmp

Run Build Command(s):/Applications/CLion.app/Contents/bin/ninja/mac/ninja cmTC_9f961 && [1/2] Building CXX object CMakeFiles/cmTC_9f961.dir/src.cxx.o
[2/2] Linking CXX executable cmTC_9f961


Source file was:
int main() { return 0; }
Performing C++ SOURCE FILE Test HAVE_CLANG_O3__FFAST_MATH__FUNROLL_LOOPS__D__EXTERN_ALWAYS_INLINE="EXTERN___ALWAYS_INLINE"_ succeeded with the following output:
Change Dir: /Users/adrian/CLionProjects/succ-vectors/cmake-build-release-event-trace/CMakeFiles/CMakeTmp

Run Build Command(s):/Applications/CLion.app/Contents/bin/ninja/mac/ninja cmTC_7736f && [1/2] Building CXX object CMakeFiles/cmTC_7736f.dir/src.cxx.o
[2/2] Linking CXX executable cmTC_7736f


Source file was:
int main() { return 0; }
